{"meta": {"format": 3, "version": "7.10.7", "timestamp": "2025-10-23T21:50:26.071147", "branch_coverage": true, "show_contexts": false}, "files": {"woniunote\\__init__.py": {"executed_lines": [], "summary": {"covered_lines": 0, "num_statements": 6, "percent_covered": 0.0, "percent_covered_display": "0", "missing_lines": 6, "excluded_lines": 0, "num_branches": 0, "num_partial_branches": 0, "covered_branches": 0, "missing_branches": 0}, "missing_lines": [1, 4, 5, 9, 12, 13], "excluded_lines": [], "executed_branches": [], "missing_branches": [], "functions": {"": {"executed_lines": [], "summary": {"covered_lines": 0, "num_statements": 6, "percent_covered": 0.0, "percent_covered_display": "0", "missing_lines": 6, "excluded_lines": 0, "num_branches": 0, "num_partial_branches": 0, "covered_branches": 0, "missing_branches": 0}, "missing_lines": [1, 4, 5, 9, 12, 13], "excluded_lines": [], "executed_branches": [], "missing_branches": []}}, "classes": {"": {"executed_lines": [], "summary": {"covered_lines": 0, "num_statements": 6, "percent_covered": 0.0, "percent_covered_display": "0", "missing_lines": 6, "excluded_lines": 0, "num_branches": 0, "num_partial_branches": 0, "covered_branches": 0, "missing_branches": 0}, "missing_lines": [1, 4, 5, 9, 12, 13], "excluded_lines": [], "executed_branches": [], "missing_branches": []}}}, "woniunote\\app.py": {"executed_lines": [1, 2, 3], "summary": {"covered_lines": 3, "num_statements": 1226, "percent_covered": 0.19607843137254902, "percent_covered_display": "1", "missing_lines": 1223, "excluded_lines": 0, "num_branches": 304, "num_partial_branches": 0, "covered_branches": 0, "missing_branches": 304}, "missing_lines": [4, 5, 6, 7, 9, 10, 11, 13, 15, 16, 17, 18, 20, 21, 22, 24, 25, 26, 28, 29, 30, 31, 32, 33, 34, 35, 36, 37, 38, 39, 40, 41, 42, 45, 54, 55, 57, 59, 60, 63, 64, 67, 69, 70, 72, 74, 76, 77, 80, 81, 84, 85, 86, 87, 89, 91, 93, 94, 95, 98, 100, 101, 102, 105, 108, 115, 116, 119, 122, 123, 125, 127, 128, 129, 131, 133, 134, 137, 140, 143, 144, 146, 148, 149, 150, 152, 154, 155, 157, 161, 164, 165, 167, 168, 169, 170, 172, 174, 175, 178, 179, 182, 185, 186, 194, 195, 196, 199, 200, 201, 204, 205, 206, 207, 208, 209, 210, 211, 213, 214, 216, 217, 218, 221, 222, 223, 224, 225, 226, 229, 230, 231, 232, 233, 236, 239, 242, 243, 244, 245, 246, 247, 250, 251, 252, 253, 254, 257, 258, 261, 277, 280, 283, 284, 285, 288, 290, 293, 294, 301, 302, 303, 304, 305, 306, 309, 310, 311, 314, 315, 318, 319, 320, 321, 324, 325, 326, 327, 329, 330, 331, 332, 333, 335, 336, 337, 338, 339, 342, 344, 346, 376, 377, 378, 379, 380, 382, 383, 390, 391, 392, 395, 396, 397, 398, 401, 402, 403, 404, 406, 407, 408, 410, 411, 412, 413, 416, 420, 421, 424, 425, 427, 428, 430, 431, 432, 434, 435, 436, 439, 440, 441, 442, 443, 445, 446, 449, 450, 453, 454, 457, 458, 461, 462, 465, 466, 468, 469, 471, 473, 474, 475, 477, 478, 479, 482, 483, 484, 485, 486, 488, 489, 491, 492, 494, 495, 497, 501, 502, 503, 505, 507, 508, 509, 510, 514, 515, 517, 518, 521, 523, 524, 525, 526, 527, 528, 531, 532, 534, 537, 538, 539, 541, 543, 544, 545, 546, 547, 548, 549, 550, 553, 554, 555, 556, 559, 560, 563, 564, 565, 569, 570, 572, 575, 576, 577, 579, 580, 582, 583, 585, 586, 589, 590, 591, 598, 599, 602, 603, 604, 605, 607, 608, 609, 610, 611, 614, 615, 617, 620, 621, 623, 624, 625, 626, 627, 628, 630, 631, 634, 635, 637, 638, 639, 640, 641, 644, 645, 648, 651, 652, 653, 654, 657, 658, 659, 660, 662, 663, 666, 668, 669, 670, 671, 674, 675, 676, 677, 678, 679, 680, 681, 683, 685, 688, 689, 691, 692, 693, 694, 695, 697, 698, 699, 700, 701, 703, 704, 706, 707, 710, 711, 712, 713, 714, 717, 718, 719, 720, 721, 722, 723, 726, 727, 728, 730, 731, 732, 733, 736, 737, 738, 739, 740, 741, 742, 743, 744, 745, 748, 749, 750, 751, 752, 753, 756, 757, 758, 760, 761, 762, 763, 764, 766, 767, 768, 769, 770, 771, 773, 774, 775, 776, 777, 778, 780, 781, 782, 783, 786, 787, 789, 790, 791, 793, 794, 796, 797, 801, 802, 804, 807, 808, 809, 811, 813, 814, 815, 817, 818, 819, 821, 823, 824, 825, 826, 827, 829, 830, 833, 834, 835, 836, 837, 838, 839, 840, 841, 842, 843, 844, 845, 846, 847, 850, 851, 852, 853, 854, 855, 856, 858, 859, 860, 861, 864, 865, 866, 867, 870, 871, 872, 873, 874, 876, 877, 878, 879, 880, 881, 882, 883, 885, 886, 888, 889, 892, 893, 896, 897, 898, 901, 902, 903, 905, 906, 909, 912, 913, 914, 917, 920, 922, 924, 926, 932, 933, 934, 936, 937, 938, 939, 941, 942, 943, 944, 945, 946, 948, 949, 950, 951, 953, 954, 955, 956, 957, 958, 959, 960, 961, 962, 964, 965, 967, 968, 969, 970, 971, 972, 973, 974, 977, 978, 979, 980, 981, 982, 983, 984, 987, 990, 991, 992, 993, 994, 996, 997, 998, 999, 1000, 1001, 1002, 1004, 1011, 1012, 1013, 1014, 1015, 1016, 1017, 1018, 1019, 1021, 1022, 1024, 1025, 1026, 1027, 1029, 1030, 1031, 1033, 1034, 1035, 1038, 1039, 1040, 1041, 1044, 1045, 1047, 1048, 1050, 1051, 1053, 1054, 1057, 1066, 1068, 1073, 1074, 1075, 1077, 1078, 1080, 1081, 1082, 1083, 1085, 1086, 1088, 1089, 1092, 1093, 1095, 1096, 1099, 1100, 1102, 1103, 1108, 1110, 1115, 1116, 1117, 1119, 1120, 1122, 1123, 1124, 1126, 1128, 1134, 1135, 1137, 1138, 1140, 1142, 1144, 1146, 1147, 1148, 1150, 1151, 1153, 1154, 1156, 1157, 1162, 1163, 1164, 1167, 1169, 1174, 1175, 1176, 1178, 1184, 1190, 1191, 1192, 1198, 1199, 1201, 1202, 1204, 1205, 1207, 1208, 1210, 1211, 1213, 1215, 1216, 1217, 1219, 1220, 1222, 1223, 1225, 1226, 1228, 1229, 1231, 1232, 1235, 1243, 1248, 1249, 1250, 1252, 1253, 1255, 1256, 1257, 1258, 1260, 1261, 1262, 1264, 1265, 1267, 1268, 1269, 1271, 1272, 1275, 1276, 1278, 1279, 1281, 1282, 1286, 1288, 1293, 1294, 1295, 1297, 1298, 1300, 1302, 1305, 1306, 1307, 1308, 1309, 1310, 1312, 1314, 1315, 1316, 1318, 1319, 1320, 1322, 1323, 1331, 1332, 1334, 1335, 1336, 1337, 1338, 1339, 1340, 1341, 1344, 1345, 1346, 1347, 1348, 1350, 1351, 1352, 1355, 1356, 1357, 1358, 1359, 1361, 1362, 1363, 1364, 1367, 1368, 1369, 1370, 1376, 1377, 1378, 1379, 1382, 1383, 1384, 1385, 1386, 1389, 1390, 1391, 1392, 1393, 1399, 1400, 1401, 1402, 1405, 1406, 1407, 1408, 1410, 1411, 1413, 1414, 1415, 1417, 1422, 1423, 1424, 1425, 1428, 1429, 1430, 1432, 1435, 1436, 1437, 1438, 1439, 1440, 1443, 1444, 1445, 1446, 1447, 1449, 1451, 1453, 1454, 1455, 1462, 1463, 1464, 1466, 1467, 1468, 1470, 1471, 1473, 1475, 1476, 1477, 1480, 1481, 1482, 1484, 1486, 1487, 1489, 1490, 1493, 1494, 1495, 1496, 1497, 1498, 1501, 1502, 1503, 1504, 1505, 1506, 1509, 1510, 1513, 1514, 1516, 1529, 1530, 1531, 1534, 1535, 1536, 1538, 1539, 1540, 1542, 1544, 1545, 1546, 1548, 1549, 1550, 1552, 1553, 1554, 1556, 1557, 1559, 1560, 1562, 1563, 1564, 1567, 1568, 1569, 1571, 1572, 1573, 1575, 1576, 1578, 1580, 1581, 1582, 1584, 1585, 1586, 1588, 1589, 1590, 1592, 1593, 1595, 1596, 1598, 1599, 1600, 1602, 1603, 1604, 1606, 1607, 1608, 1610, 1618, 1620, 1621, 1622, 1624, 1626, 1627, 1628, 1632, 1633, 1634, 1635, 1637, 1638, 1639, 1641, 1647, 1648, 1649, 1651, 1652, 1653, 1654, 1656, 1657, 1658, 1659, 1661, 1662, 1663, 1664, 1666, 1669, 1670, 1671, 1684, 1691, 1692, 1693, 1695, 1696, 1697, 1698, 1700, 1701, 1702, 1704, 1710, 1711, 1712, 1714, 1715, 1716, 1717, 1719, 1720, 1721, 1723, 1729, 1730, 1731, 1733, 1734, 1735, 1736, 1738, 1739, 1740, 1741, 1743, 1744, 1746, 1753, 1754, 1755, 1757, 1758, 1759, 1761, 1762, 1763, 1764, 1766, 1767, 1769, 1770, 1772, 1779, 1780, 1781, 1783, 1784, 1785, 1787, 1788, 1789, 1790, 1792, 1793, 1794, 1795, 1797, 1798, 1802, 1808, 1809, 1810, 1812, 1813, 1814, 1816, 1817, 1818, 1819, 1821, 1822, 1823, 1826, 1827, 1828, 1838, 1847, 1848, 1849, 1851, 1852, 1853, 1855, 1856, 1857, 1858, 1860, 1861, 1863, 1869, 1870, 1871, 1873, 1874, 1875, 1877, 1878, 1879, 1880, 1882, 1884, 1890, 1892, 1901, 1902, 1903, 1905, 1906, 1907, 1909, 1910, 1911, 1912, 1914, 1916, 1917, 1919, 1925, 1926, 1927, 1931, 1932, 1933, 1934, 1936, 1937, 1938, 1939, 1941, 1943, 1949, 1950, 1951, 1953, 1954, 1955, 1956, 1958, 1959, 1960, 1961, 1963, 1965, 1971, 1972, 1973, 1975, 1976, 1977, 1978, 1980, 1981, 1982, 1983, 1985, 1987, 1993, 1994, 1995, 1997, 1998, 1999, 2000, 2002, 2003, 2004, 2005, 2007, 2009, 2015, 2016, 2017, 2019, 2020, 2021, 2022, 2024, 2025, 2026, 2027, 2029, 2031, 2037, 2038, 2039, 2042, 2043, 2044, 2045, 2047, 2054, 2056, 2067, 2068, 2069, 2070, 2073, 2074, 2075, 2076, 2077, 2078, 2079, 2080, 2081, 2083, 2085, 2086, 2087, 2088, 2089, 2090, 2092], "excluded_lines": [], "executed_branches": [], "missing_branches": [[59, 60], [59, 63], [63, 64], [63, 67], [67, 69], [67, 72], [76, 77], [76, 80], [80, 81], [80, 84], [85, 86], [85, 89], [86, 85], [86, 87], [93, 94], [93, 95], [164, 165], [164, 174], [167, 168], [167, 174], [185, 186], [185, 194], [194, 195], [194, 199], [199, 200], [199, 216], [204, 205], [204, 208], [208, 209], [208, 213], [221, 222], [221, 229], [223, 224], [223, 229], [224, 223], [224, 225], [251, 252], [251, 257], [253, 254], [253, 257], [257, 258], [257, 261], [302, 303], [302, 309], [304, 302], [304, 305], [309, 310], [309, 314], [324, 325], [324, 326], [326, 327], [326, 329], [401, 402], [401, 403], [403, 404], [403, 406], [430, 431], [430, 434], [441, -439], [441, 442], [471, 473], [471, 477], [484, -482], [484, 485], [517, 518], [517, 521], [521, 523], [521, 531], [531, 532], [531, 534], [539, -537], [539, 541], [541, -537], [541, 543], [563, 564], [563, 572], [575, -553], [575, 576], [582, 583], [582, 617], [589, 590], [589, 602], [602, 603], [602, 614], [607, 608], [607, 614], [644, 645], [644, 648], [651, 652], [651, 666], [658, 659], [658, 666], [668, 669], [668, 710], [675, 676], [675, 683], [676, 675], [676, 677], [683, 685], [683, 710], [691, 692], [691, 697], [693, 691], [693, 694], [697, 698], [697, 710], [711, 712], [711, 717], [719, 720], [719, 726], [760, 761], [760, 762], [762, 763], [762, 764], [769, 770], [769, 771], [776, 777], [776, 778], [789, 790], [789, 793], [796, 797], [796, 801], [802, 804], [802, 807], [807, -786], [807, 808], [811, -786], [811, 813], [814, 815], [814, 817], [821, 823], [821, 847], [834, 835], [834, 847], [842, 843], [842, 847], [853, 854], [853, 861], [855, 856], [855, 858], [859, 853], [859, 860], [885, 886], [885, 888], [888, 889], [888, 892], [892, 893], [892, 896], [897, 898], [897, 901], [905, 906], [905, 909], [912, 913], [912, 924], [955, 956], [955, 964], [957, 958], [957, 962], [967, 968], [967, 977], [969, 970], [969, 974], [977, 978], [977, 987], [979, 980], [979, 984], [997, 998], [997, 1002], [1013, 1014], [1013, 1018], [1026, 1027], [1026, 1029], [1030, 1031], [1030, 1033], [1034, 1035], [1034, 1038], [1044, 1045], [1044, 1047], [1047, 1048], [1047, 1050], [1050, 1051], [1050, 1053], [1053, 1054], [1053, 1057], [1082, 1083], [1082, 1085], [1088, 1089], [1088, 1092], [1092, 1093], [1092, 1095], [1095, 1096], [1095, 1099], [1099, 1100], [1099, 1102], [1102, 1103], [1102, 1108], [1126, 1128], [1126, 1144], [1134, 1135], [1134, 1137], [1137, 1138], [1137, 1140], [1156, 1157], [1156, 1162], [1167, 1169], [1167, 1184], [1174, 1175], [1174, 1176], [1204, 1205], [1204, 1207], [1210, 1211], [1210, 1213], [1225, 1226], [1225, 1228], [1231, 1232], [1231, 1235], [1257, 1258], [1257, 1260], [1264, 1265], [1264, 1267], [1268, 1269], [1268, 1271], [1271, 1272], [1271, 1275], [1275, 1276], [1275, 1278], [1278, 1279], [1278, 1281], [1281, 1282], [1281, 1286], [1347, 1348], [1347, 1350], [1358, 1359], [1358, 1361], [1376, 1377], [1376, 1382], [1399, 1400], [1399, 1405], [1410, 1411], [1410, 1413], [1414, 1415], [1414, 1417], [1429, 1430], [1429, 1432], [1436, 1437], [1436, 1443], [1444, 1445], [1444, 1446], [1446, 1447], [1446, 1449], [1470, 1471], [1470, 1473], [1486, 1487], [1486, 1489], [1494, 1495], [1494, 1501], [1502, 1503], [1502, 1509], [1539, 1540], [1539, 1542], [1553, 1554], [1553, 1556], [1572, 1573], [1572, 1575], [1589, 1590], [1589, 1592], [1663, 1664], [1663, 1666], [1670, 1671], [1670, 1684], [1740, 1741], [1740, 1743], [1763, 1764], [1763, 1766], [1789, 1790], [1789, 1792], [1818, 1819], [1818, 1821], [1827, 1828], [1827, 1838], [1857, 1858], [1857, 1860], [1879, 1880], [1879, 1882], [1911, 1912], [1911, 1914], [1938, 1939], [1938, 1941], [1960, 1961], [1960, 1963], [1982, 1983], [1982, 1985], [2004, 2005], [2004, 2007], [2026, 2027], [2026, 2029], [2069, 2070], [2069, 2073], [2073, 2074], [2073, 2085], [2080, 2081], [2080, 2083], [2089, 2090], [2089, 2092]], "functions": {"validate_input": {"executed_lines": [], "summary": {"covered_lines": 0, "num_statements": 8, "percent_covered": 0.0, "percent_covered_display": "0", "missing_lines": 8, "excluded_lines": 0, "num_branches": 6, "num_partial_branches": 0, "covered_branches": 0, "missing_branches": 6}, "missing_lines": [59, 60, 63, 64, 67, 69, 70, 72], "excluded_lines": [], "executed_branches": [], "missing_branches": [[59, 60], [59, 63], [63, 64], [63, 67], [67, 69], [67, 72]]}, "is_safe_filename": {"executed_lines": [], "summary": {"covered_lines": 0, "num_statements": 9, "percent_covered": 0.0, "percent_covered_display": "0", "missing_lines": 9, "excluded_lines": 0, "num_branches": 8, "num_partial_branches": 0, "covered_branches": 0, "missing_branches": 8}, "missing_lines": [76, 77, 80, 81, 84, 85, 86, 87, 89], "excluded_lines": [], "executed_branches": [], "missing_branches": [[76, 77], [76, 80], [80, 81], [80, 84], [85, 86], [85, 89], [86, 85], [86, 87]]}, "get_file_extension": {"executed_lines": [], "summary": {"covered_lines": 0, "num_statements": 3, "percent_covered": 0.0, "percent_covered_display": "0", "missing_lines": 3, "excluded_lines": 0, "num_branches": 2, "num_partial_branches": 0, "covered_branches": 0, "missing_branches": 2}, "missing_lines": [93, 94, 95], "excluded_lines": [], "executed_branches": [], "missing_branches": [[93, 94], [93, 95]]}, "create_missing_thumbnail": {"executed_lines": [], "summary": {"covered_lines": 0, "num_statements": 14, "percent_covered": 0.0, "percent_covered_display": "0", "missing_lines": 14, "excluded_lines": 0, "num_branches": 0, "num_partial_branches": 0, "covered_branches": 0, "missing_branches": 0}, "missing_lines": [100, 101, 102, 105, 108, 115, 116, 119, 122, 123, 125, 127, 128, 129], "excluded_lines": [], "executed_branches": [], "missing_branches": []}, "create_default_thumbnail": {"executed_lines": [], "summary": {"covered_lines": 0, "num_statements": 10, "percent_covered": 0.0, "percent_covered_display": "0", "missing_lines": 10, "excluded_lines": 0, "num_branches": 0, "num_partial_branches": 0, "covered_branches": 0, "missing_branches": 0}, "missing_lines": [133, 134, 137, 140, 143, 144, 146, 148, 149, 150], "excluded_lines": [], "executed_branches": [], "missing_branches": []}, "create_app": {"executed_lines": [], "summary": {"covered_lines": 0, "num_statements": 327, "percent_covered": 0.0, "percent_covered_display": "0", "missing_lines": 327, "excluded_lines": 0, "num_branches": 40, "num_partial_branches": 0, "covered_branches": 0, "missing_branches": 40}, "missing_lines": [154, 155, 157, 161, 164, 165, 167, 168, 169, 170, 172, 174, 175, 178, 179, 182, 185, 186, 194, 195, 196, 199, 200, 201, 204, 205, 206, 207, 208, 209, 210, 211, 213, 214, 216, 217, 218, 221, 222, 223, 224, 225, 226, 229, 230, 231, 232, 233, 236, 239, 242, 243, 244, 245, 246, 247, 250, 251, 252, 253, 254, 257, 258, 261, 277, 280, 283, 284, 288, 290, 293, 294, 301, 302, 303, 304, 305, 306, 309, 310, 311, 314, 315, 318, 319, 320, 321, 324, 325, 326, 327, 329, 330, 331, 332, 333, 335, 336, 337, 338, 339, 342, 344, 346, 376, 377, 378, 379, 380, 382, 383, 390, 391, 392, 395, 396, 397, 398, 401, 402, 403, 404, 406, 407, 408, 410, 411, 412, 413, 416, 420, 421, 424, 425, 427, 439, 440, 445, 446, 449, 450, 453, 454, 457, 458, 461, 462, 465, 466, 468, 482, 483, 488, 489, 491, 492, 494, 495, 497, 501, 502, 503, 505, 507, 508, 509, 510, 514, 515, 537, 538, 553, 554, 579, 580, 620, 621, 634, 635, 736, 737, 738, 739, 740, 741, 742, 743, 744, 745, 748, 749, 750, 751, 752, 753, 756, 757, 766, 767, 773, 774, 780, 781, 786, 787, 850, 864, 865, 870, 871, 872, 876, 877, 878, 879, 936, 937, 938, 939, 948, 949, 950, 951, 1021, 1022, 1077, 1078, 1119, 1120, 1150, 1151, 1198, 1199, 1219, 1220, 1252, 1253, 1297, 1298, 1318, 1319, 1320, 1462, 1463, 1464, 1480, 1481, 1482, 1534, 1535, 1536, 1548, 1549, 1550, 1567, 1568, 1569, 1584, 1585, 1586, 1602, 1603, 1604, 1632, 1633, 1634, 1635, 1651, 1652, 1653, 1654, 1695, 1696, 1697, 1698, 1714, 1715, 1716, 1717, 1733, 1734, 1735, 1736, 1757, 1758, 1759, 1783, 1784, 1785, 1812, 1813, 1814, 1851, 1852, 1853, 1873, 1874, 1875, 1905, 1906, 1907, 1931, 1932, 1933, 1934, 1953, 1954, 1955, 1956, 1975, 1976, 1977, 1978, 1997, 1998, 1999, 2000, 2019, 2020, 2021, 2022, 2042, 2043, 2044, 2045, 2054, 2056], "excluded_lines": [], "executed_branches": [], "missing_branches": [[164, 165], [164, 174], [167, 168], [167, 174], [185, 186], [185, 194], [194, 195], [194, 199], [199, 200], [199, 216], [204, 205], [204, 208], [208, 209], [208, 213], [221, 222], [221, 229], [223, 224], [223, 229], [224, 223], [224, 225], [251, 252], [251, 257], [253, 254], [253, 257], [257, 258], [257, 261], [302, 303], [302, 309], [304, 302], [304, 305], [309, 310], [309, 314], [324, 325], [324, 326], [326, 327], [326, 329], [401, 402], [401, 403], [403, 404], [403, 406]]}, "create_app.inject_session": {"executed_lines": [], "summary": {"covered_lines": 0, "num_statements": 1, "percent_covered": 0.0, "percent_covered_display": "0", "missing_lines": 1, "excluded_lines": 0, "num_branches": 0, "num_partial_branches": 0, "covered_branches": 0, "missing_branches": 0}, "missing_lines": [285], "excluded_lines": [], "executed_branches": [], "missing_branches": []}, "create_app.init_database_monitoring_delayed": {"executed_lines": [], "summary": {"covered_lines": 0, "num_statements": 7, "percent_covered": 0.0, "percent_covered_display": "0", "missing_lines": 7, "excluded_lines": 0, "num_branches": 2, "num_partial_branches": 0, "covered_branches": 0, "missing_branches": 2}, "missing_lines": [428, 430, 431, 432, 434, 435, 436], "excluded_lines": [], "executed_branches": [], "missing_branches": [[430, 431], [430, 434]]}, "create_app.check_and_init_database_monitoring": {"executed_lines": [], "summary": {"covered_lines": 0, "num_statements": 3, "percent_covered": 0.0, "percent_covered_display": "0", "missing_lines": 3, "excluded_lines": 0, "num_branches": 2, "num_partial_branches": 0, "covered_branches": 0, "missing_branches": 2}, "missing_lines": [441, 442, 443], "excluded_lines": [], "executed_branches": [], "missing_branches": [[441, -439], [441, 442]]}, "create_app.init_database_advanced_optimization_delayed": {"executed_lines": [], "summary": {"covered_lines": 0, "num_statements": 8, "percent_covered": 0.0, "percent_covered_display": "0", "missing_lines": 8, "excluded_lines": 0, "num_branches": 2, "num_partial_branches": 0, "covered_branches": 0, "missing_branches": 2}, "missing_lines": [469, 471, 473, 474, 475, 477, 478, 479], "excluded_lines": [], "executed_branches": [], "missing_branches": [[471, 473], [471, 477]]}, "create_app.check_and_init_database_advanced_optimization": {"executed_lines": [], "summary": {"covered_lines": 0, "num_statements": 3, "percent_covered": 0.0, "percent_covered_display": "0", "missing_lines": 3, "excluded_lines": 0, "num_branches": 2, "num_partial_branches": 0, "covered_branches": 0, "missing_branches": 2}, "missing_lines": [484, 485, 486], "excluded_lines": [], "executed_branches": [], "missing_branches": [[484, -482], [484, 485]]}, "create_app.add_security_headers": {"executed_lines": [], "summary": {"covered_lines": 0, "num_statements": 12, "percent_covered": 0.0, "percent_covered_display": "0", "missing_lines": 12, "excluded_lines": 0, "num_branches": 6, "num_partial_branches": 0, "covered_branches": 0, "missing_branches": 6}, "missing_lines": [517, 518, 521, 523, 524, 525, 526, 527, 528, 531, 532, 534], "excluded_lines": [], "executed_branches": [], "missing_branches": [[517, 518], [517, 521], [521, 523], [521, 531], [531, 532], [531, 534]]}, "create_app.handle_preflight": {"executed_lines": [], "summary": {"covered_lines": 0, "num_statements": 10, "percent_covered": 0.0, "percent_covered_display": "0", "missing_lines": 10, "excluded_lines": 0, "num_branches": 4, "num_partial_branches": 0, "covered_branches": 0, "missing_branches": 4}, "missing_lines": [539, 541, 543, 544, 545, 546, 547, 548, 549, 550], "excluded_lines": [], "executed_branches": [], "missing_branches": [[539, -537], [539, 541], [541, -537], [541, 543]]}, "create_app.performance_before_request": {"executed_lines": [], "summary": {"covered_lines": 0, "num_statements": 13, "percent_covered": 0.0, "percent_covered_display": "0", "missing_lines": 13, "excluded_lines": 0, "num_branches": 4, "num_partial_branches": 0, "covered_branches": 0, "missing_branches": 4}, "missing_lines": [555, 556, 559, 560, 563, 564, 565, 569, 570, 572, 575, 576, 577], "excluded_lines": [], "executed_branches": [], "missing_branches": [[563, 564], [563, 572], [575, -553], [575, 576]]}, "create_app.performance_after_request": {"executed_lines": [], "summary": {"covered_lines": 0, "num_statements": 21, "percent_covered": 0.0, "percent_covered_display": "0", "missing_lines": 21, "excluded_lines": 0, "num_branches": 8, "num_partial_branches": 0, "covered_branches": 0, "missing_branches": 8}, "missing_lines": [582, 583, 585, 586, 589, 590, 591, 598, 599, 602, 603, 604, 605, 607, 608, 609, 610, 611, 614, 615, 617], "excluded_lines": [], "executed_branches": [], "missing_branches": [[582, 583], [582, 617], [589, 590], [589, 602], [602, 603], [602, 614], [607, 608], [607, 614]]}, "create_app.ueditor_resources": {"executed_lines": [], "summary": {"covered_lines": 0, "num_statements": 8, "percent_covered": 0.0, "percent_covered_display": "0", "missing_lines": 8, "excluded_lines": 0, "num_branches": 0, "num_partial_branches": 0, "covered_branches": 0, "missing_branches": 0}, "missing_lines": [623, 624, 625, 626, 627, 628, 630, 631], "excluded_lines": [], "executed_branches": [], "missing_branches": []}, "create_app.thumb_resources": {"executed_lines": [], "summary": {"covered_lines": 0, "num_statements": 68, "percent_covered": 0.0, "percent_covered_display": "0", "missing_lines": 68, "excluded_lines": 0, "num_branches": 24, "num_partial_branches": 0, "covered_branches": 0, "missing_branches": 24}, "missing_lines": [637, 638, 639, 640, 641, 644, 645, 648, 651, 652, 653, 654, 657, 658, 659, 660, 662, 663, 666, 668, 669, 670, 671, 674, 675, 676, 677, 678, 679, 680, 681, 683, 685, 688, 689, 691, 692, 693, 694, 695, 697, 698, 699, 700, 701, 703, 704, 706, 707, 710, 711, 712, 713, 714, 717, 718, 719, 720, 721, 722, 723, 726, 727, 728, 730, 731, 732, 733], "excluded_lines": [], "executed_branches": [], "missing_branches": [[644, 645], [644, 648], [651, 652], [651, 666], [658, 659], [658, 666], [668, 669], [668, 710], [675, 676], [675, 683], [676, 675], [676, 677], [683, 685], [683, 710], [691, 692], [691, 697], [693, 691], [693, 694], [697, 698], [697, 710], [711, 712], [711, 717], [719, 720], [719, 726]]}, "create_app.page_not_found": {"executed_lines": [], "summary": {"covered_lines": 0, "num_statements": 6, "percent_covered": 0.0, "percent_covered_display": "0", "missing_lines": 6, "excluded_lines": 0, "num_branches": 4, "num_partial_branches": 0, "covered_branches": 0, "missing_branches": 4}, "missing_lines": [758, 760, 761, 762, 763, 764], "excluded_lines": [], "executed_branches": [], "missing_branches": [[760, 761], [760, 762], [762, 763], [762, 764]]}, "create_app.internal_server_error": {"executed_lines": [], "summary": {"covered_lines": 0, "num_statements": 4, "percent_covered": 0.0, "percent_covered_display": "0", "missing_lines": 4, "excluded_lines": 0, "num_branches": 2, "num_partial_branches": 0, "covered_branches": 0, "missing_branches": 2}, "missing_lines": [768, 769, 770, 771], "excluded_lines": [], "executed_branches": [], "missing_branches": [[769, 770], [769, 771]]}, "create_app.forbidden": {"executed_lines": [], "summary": {"covered_lines": 0, "num_statements": 4, "percent_covered": 0.0, "percent_covered_display": "0", "missing_lines": 4, "excluded_lines": 0, "num_branches": 2, "num_partial_branches": 0, "covered_branches": 0, "missing_branches": 2}, "missing_lines": [775, 776, 777, 778], "excluded_lines": [], "executed_branches": [], "missing_branches": [[776, 777], [776, 778]]}, "create_app.request_entity_too_large": {"executed_lines": [], "summary": {"covered_lines": 0, "num_statements": 2, "percent_covered": 0.0, "percent_covered_display": "0", "missing_lines": 2, "excluded_lines": 0, "num_branches": 0, "num_partial_branches": 0, "covered_branches": 0, "missing_branches": 0}, "missing_lines": [782, 783], "excluded_lines": [], "executed_branches": [], "missing_branches": []}, "create_app.before": {"executed_lines": [], "summary": {"covered_lines": 0, "num_statements": 43, "percent_covered": 0.0, "percent_covered_display": "0", "missing_lines": 43, "excluded_lines": 0, "num_branches": 18, "num_partial_branches": 0, "covered_branches": 0, "missing_branches": 18}, "missing_lines": [789, 790, 791, 793, 794, 796, 797, 801, 802, 804, 807, 808, 809, 811, 813, 814, 815, 817, 818, 819, 821, 823, 824, 825, 826, 827, 829, 830, 833, 834, 835, 836, 837, 838, 839, 840, 841, 842, 843, 844, 845, 846, 847], "excluded_lines": [], "executed_branches": [], "missing_branches": [[789, 790], [789, 793], [796, 797], [796, 801], [802, 804], [802, 807], [807, -786], [807, 808], [811, -786], [811, 813], [814, 815], [814, 817], [821, 823], [821, 847], [834, 835], [834, 847], [842, 843], [842, 847]]}, "create_app.mytruncate": {"executed_lines": [], "summary": {"covered_lines": 0, "num_statements": 10, "percent_covered": 0.0, "percent_covered_display": "0", "missing_lines": 10, "excluded_lines": 0, "num_branches": 6, "num_partial_branches": 0, "covered_branches": 0, "missing_branches": 6}, "missing_lines": [851, 852, 853, 854, 855, 856, 858, 859, 860, 861], "excluded_lines": [], "executed_branches": [], "missing_branches": [[853, 854], [853, 861], [855, 856], [855, 858], [859, 853], [859, 860]]}, "create_app.get_type": {"executed_lines": [], "summary": {"covered_lines": 0, "num_statements": 2, "percent_covered": 0.0, "percent_covered_display": "0", "missing_lines": 2, "excluded_lines": 0, "num_branches": 0, "num_partial_branches": 0, "covered_branches": 0, "missing_branches": 0}, "missing_lines": [866, 867], "excluded_lines": [], "executed_branches": [], "missing_branches": []}, "create_app.pre_upload": {"executed_lines": [], "summary": {"covered_lines": 0, "num_statements": 2, "percent_covered": 0.0, "percent_covered_display": "0", "missing_lines": 2, "excluded_lines": 0, "num_branches": 0, "num_partial_branches": 0, "covered_branches": 0, "missing_branches": 0}, "missing_lines": [873, 874], "excluded_lines": [], "executed_branches": [], "missing_branches": []}, "create_app.do_upload": {"executed_lines": [], "summary": {"covered_lines": 0, "num_statements": 30, "percent_covered": 0.0, "percent_covered_display": "0", "missing_lines": 30, "excluded_lines": 0, "num_branches": 12, "num_partial_branches": 0, "covered_branches": 0, "missing_branches": 12}, "missing_lines": [880, 881, 882, 883, 885, 886, 888, 889, 892, 893, 896, 897, 898, 901, 902, 903, 905, 906, 909, 912, 913, 914, 917, 920, 922, 924, 926, 932, 933, 934], "excluded_lines": [], "executed_branches": [], "missing_branches": [[885, 886], [885, 888], [888, 889], [888, 892], [892, 893], [892, 896], [897, 898], [897, 901], [905, 906], [905, 909], [912, 913], [912, 924]]}, "create_app.math_train": {"executed_lines": [], "summary": {"covered_lines": 0, "num_statements": 6, "percent_covered": 0.0, "percent_covered_display": "0", "missing_lines": 6, "excluded_lines": 0, "num_branches": 0, "num_partial_branches": 0, "covered_branches": 0, "missing_branches": 0}, "missing_lines": [941, 942, 943, 944, 945, 946], "excluded_lines": [], "executed_branches": [], "missing_branches": []}, "create_app.math_train_login": {"executed_lines": [], "summary": {"covered_lines": 0, "num_statements": 51, "percent_covered": 0.0, "percent_covered_display": "0", "missing_lines": 51, "excluded_lines": 0, "num_branches": 16, "num_partial_branches": 0, "covered_branches": 0, "missing_branches": 16}, "missing_lines": [953, 954, 955, 956, 957, 958, 959, 960, 961, 962, 964, 965, 967, 968, 969, 970, 971, 972, 973, 974, 977, 978, 979, 980, 981, 982, 983, 984, 987, 990, 991, 992, 993, 994, 996, 997, 998, 999, 1000, 1001, 1002, 1004, 1011, 1012, 1013, 1014, 1015, 1016, 1017, 1018, 1019], "excluded_lines": [], "executed_branches": [], "missing_branches": [[955, 956], [955, 964], [957, 958], [957, 962], [967, 968], [967, 977], [969, 970], [969, 974], [977, 978], [977, 987], [979, 980], [979, 984], [997, 998], [997, 1002], [1013, 1014], [1013, 1018]]}, "create_app.math_train_save_result": {"executed_lines": [], "summary": {"covered_lines": 0, "num_statements": 28, "percent_covered": 0.0, "percent_covered_display": "0", "missing_lines": 28, "excluded_lines": 0, "num_branches": 14, "num_partial_branches": 0, "covered_branches": 0, "missing_branches": 14}, "missing_lines": [1024, 1025, 1026, 1027, 1029, 1030, 1031, 1033, 1034, 1035, 1038, 1039, 1040, 1041, 1044, 1045, 1047, 1048, 1050, 1051, 1053, 1054, 1057, 1066, 1068, 1073, 1074, 1075], "excluded_lines": [], "executed_branches": [], "missing_branches": [[1026, 1027], [1026, 1029], [1030, 1031], [1030, 1033], [1034, 1035], [1034, 1038], [1044, 1045], [1044, 1047], [1047, 1048], [1047, 1050], [1050, 1051], [1050, 1053], [1053, 1054], [1053, 1057]]}, "create_app.math_train_register": {"executed_lines": [], "summary": {"covered_lines": 0, "num_statements": 21, "percent_covered": 0.0, "percent_covered_display": "0", "missing_lines": 21, "excluded_lines": 0, "num_branches": 12, "num_partial_branches": 0, "covered_branches": 0, "missing_branches": 12}, "missing_lines": [1080, 1081, 1082, 1083, 1085, 1086, 1088, 1089, 1092, 1093, 1095, 1096, 1099, 1100, 1102, 1103, 1108, 1110, 1115, 1116, 1117], "excluded_lines": [], "executed_branches": [], "missing_branches": [[1082, 1083], [1082, 1085], [1088, 1089], [1088, 1092], [1092, 1093], [1092, 1095], [1095, 1096], [1095, 1099], [1099, 1100], [1099, 1102], [1102, 1103], [1102, 1108]]}, "create_app.math_train_logout": {"executed_lines": [], "summary": {"covered_lines": 0, "num_statements": 15, "percent_covered": 0.0, "percent_covered_display": "0", "missing_lines": 15, "excluded_lines": 0, "num_branches": 6, "num_partial_branches": 0, "covered_branches": 0, "missing_branches": 6}, "missing_lines": [1122, 1123, 1124, 1126, 1128, 1134, 1135, 1137, 1138, 1140, 1142, 1144, 1146, 1147, 1148], "excluded_lines": [], "executed_branches": [], "missing_branches": [[1126, 1128], [1126, 1144], [1134, 1135], [1134, 1137], [1137, 1138], [1137, 1140]]}, "create_app.math_train_check_login": {"executed_lines": [], "summary": {"covered_lines": 0, "num_statements": 17, "percent_covered": 0.0, "percent_covered_display": "0", "missing_lines": 17, "excluded_lines": 0, "num_branches": 6, "num_partial_branches": 0, "covered_branches": 0, "missing_branches": 6}, "missing_lines": [1153, 1154, 1156, 1157, 1162, 1163, 1164, 1167, 1169, 1174, 1175, 1176, 1178, 1184, 1190, 1191, 1192], "excluded_lines": [], "executed_branches": [], "missing_branches": [[1156, 1157], [1156, 1162], [1167, 1169], [1167, 1184], [1174, 1175], [1174, 1176]]}, "create_app.math_train_user": {"executed_lines": [], "summary": {"covered_lines": 0, "num_statements": 12, "percent_covered": 0.0, "percent_covered_display": "0", "missing_lines": 12, "excluded_lines": 0, "num_branches": 4, "num_partial_branches": 0, "covered_branches": 0, "missing_branches": 4}, "missing_lines": [1201, 1202, 1204, 1205, 1207, 1208, 1210, 1211, 1213, 1215, 1216, 1217], "excluded_lines": [], "executed_branches": [], "missing_branches": [[1204, 1205], [1204, 1207], [1210, 1211], [1210, 1213]]}, "create_app.math_train_user_data": {"executed_lines": [], "summary": {"covered_lines": 0, "num_statements": 13, "percent_covered": 0.0, "percent_covered_display": "0", "missing_lines": 13, "excluded_lines": 0, "num_branches": 4, "num_partial_branches": 0, "covered_branches": 0, "missing_branches": 4}, "missing_lines": [1222, 1223, 1225, 1226, 1228, 1229, 1231, 1232, 1235, 1243, 1248, 1249, 1250], "excluded_lines": [], "executed_branches": [], "missing_branches": [[1225, 1226], [1225, 1228], [1231, 1232], [1231, 1235]]}, "create_app.math_train_reset_password": {"executed_lines": [], "summary": {"covered_lines": 0, "num_statements": 25, "percent_covered": 0.0, "percent_covered_display": "0", "missing_lines": 25, "excluded_lines": 0, "num_branches": 14, "num_partial_branches": 0, "covered_branches": 0, "missing_branches": 14}, "missing_lines": [1255, 1256, 1257, 1258, 1260, 1261, 1262, 1264, 1265, 1267, 1268, 1269, 1271, 1272, 1275, 1276, 1278, 1279, 1281, 1282, 1286, 1288, 1293, 1294, 1295], "excluded_lines": [], "executed_branches": [], "missing_branches": [[1257, 1258], [1257, 1260], [1264, 1265], [1264, 1267], [1268, 1269], [1268, 1271], [1271, 1272], [1271, 1275], [1275, 1276], [1275, 1278], [1278, 1279], [1278, 1281], [1281, 1282], [1281, 1286]]}, "create_app.favicon": {"executed_lines": [], "summary": {"covered_lines": 0, "num_statements": 12, "percent_covered": 0.0, "percent_covered_display": "0", "missing_lines": 12, "excluded_lines": 0, "num_branches": 0, "num_partial_branches": 0, "covered_branches": 0, "missing_branches": 0}, "missing_lines": [1300, 1302, 1305, 1306, 1307, 1308, 1309, 1310, 1312, 1314, 1315, 1316], "excluded_lines": [], "executed_branches": [], "missing_branches": []}, "create_app.health_check": {"executed_lines": [], "summary": {"covered_lines": 0, "num_statements": 85, "percent_covered": 0.0, "percent_covered_display": "0", "missing_lines": 85, "excluded_lines": 0, "num_branches": 20, "num_partial_branches": 0, "covered_branches": 0, "missing_branches": 20}, "missing_lines": [1322, 1323, 1331, 1332, 1334, 1335, 1336, 1337, 1338, 1339, 1340, 1341, 1344, 1345, 1346, 1347, 1348, 1350, 1351, 1352, 1355, 1356, 1357, 1358, 1359, 1361, 1362, 1363, 1364, 1367, 1368, 1369, 1370, 1376, 1377, 1378, 1379, 1382, 1383, 1384, 1385, 1386, 1389, 1390, 1391, 1392, 1393, 1399, 1400, 1401, 1402, 1405, 1406, 1407, 1408, 1410, 1411, 1413, 1414, 1415, 1417, 1422, 1423, 1424, 1425, 1428, 1429, 1430, 1432, 1435, 1436, 1437, 1438, 1439, 1440, 1443, 1444, 1445, 1446, 1447, 1449, 1451, 1453, 1454, 1455], "excluded_lines": [], "executed_branches": [], "missing_branches": [[1347, 1348], [1347, 1350], [1358, 1359], [1358, 1361], [1376, 1377], [1376, 1382], [1399, 1400], [1399, 1405], [1410, 1411], [1410, 1413], [1414, 1415], [1414, 1417], [1429, 1430], [1429, 1432], [1436, 1437], [1436, 1443], [1444, 1445], [1444, 1446], [1446, 1447], [1446, 1449]]}, "create_app.get_task_status": {"executed_lines": [], "summary": {"covered_lines": 0, "num_statements": 9, "percent_covered": 0.0, "percent_covered_display": "0", "missing_lines": 9, "excluded_lines": 0, "num_branches": 2, "num_partial_branches": 0, "covered_branches": 0, "missing_branches": 2}, "missing_lines": [1466, 1467, 1468, 1470, 1471, 1473, 1475, 1476, 1477], "excluded_lines": [], "executed_branches": [], "missing_branches": [[1470, 1471], [1470, 1473]]}, "create_app.get_metrics": {"executed_lines": [], "summary": {"covered_lines": 0, "num_statements": 25, "percent_covered": 0.0, "percent_covered_display": "0", "missing_lines": 25, "excluded_lines": 0, "num_branches": 6, "num_partial_branches": 0, "covered_branches": 0, "missing_branches": 6}, "missing_lines": [1484, 1486, 1487, 1489, 1490, 1493, 1494, 1495, 1496, 1497, 1498, 1501, 1502, 1503, 1504, 1505, 1506, 1509, 1510, 1513, 1514, 1516, 1529, 1530, 1531], "excluded_lines": [], "executed_branches": [], "missing_branches": [[1486, 1487], [1486, 1489], [1494, 1495], [1494, 1501], [1502, 1503], [1502, 1509]]}, "create_app.database_performance": {"executed_lines": [], "summary": {"covered_lines": 0, "num_statements": 7, "percent_covered": 0.0, "percent_covered_display": "0", "missing_lines": 7, "excluded_lines": 0, "num_branches": 2, "num_partial_branches": 0, "covered_branches": 0, "missing_branches": 2}, "missing_lines": [1538, 1539, 1540, 1542, 1544, 1545, 1546], "excluded_lines": [], "executed_branches": [], "missing_branches": [[1539, 1540], [1539, 1542]]}, "create_app.clear_database_stats": {"executed_lines": [], "summary": {"covered_lines": 0, "num_statements": 10, "percent_covered": 0.0, "percent_covered_display": "0", "missing_lines": 10, "excluded_lines": 0, "num_branches": 2, "num_partial_branches": 0, "covered_branches": 0, "missing_branches": 2}, "missing_lines": [1552, 1553, 1554, 1556, 1557, 1559, 1560, 1562, 1563, 1564], "excluded_lines": [], "executed_branches": [], "missing_branches": [[1553, 1554], [1553, 1556]]}, "create_app.config_management": {"executed_lines": [], "summary": {"covered_lines": 0, "num_statements": 9, "percent_covered": 0.0, "percent_covered_display": "0", "missing_lines": 9, "excluded_lines": 0, "num_branches": 2, "num_partial_branches": 0, "covered_branches": 0, "missing_branches": 2}, "missing_lines": [1571, 1572, 1573, 1575, 1576, 1578, 1580, 1581, 1582], "excluded_lines": [], "executed_branches": [], "missing_branches": [[1572, 1573], [1572, 1575]]}, "create_app.reload_config": {"executed_lines": [], "summary": {"covered_lines": 0, "num_statements": 10, "percent_covered": 0.0, "percent_covered_display": "0", "missing_lines": 10, "excluded_lines": 0, "num_branches": 2, "num_partial_branches": 0, "covered_branches": 0, "missing_branches": 2}, "missing_lines": [1588, 1589, 1590, 1592, 1593, 1595, 1596, 1598, 1599, 1600], "excluded_lines": [], "executed_branches": [], "missing_branches": [[1589, 1590], [1589, 1592]]}, "create_app.export_config": {"executed_lines": [], "summary": {"covered_lines": 0, "num_statements": 11, "percent_covered": 0.0, "percent_covered_display": "0", "missing_lines": 11, "excluded_lines": 0, "num_branches": 0, "num_partial_branches": 0, "covered_branches": 0, "missing_branches": 0}, "missing_lines": [1606, 1607, 1608, 1610, 1618, 1620, 1621, 1624, 1626, 1627, 1628], "excluded_lines": [], "executed_branches": [], "missing_branches": []}, "create_app.export_config.remove_file": {"executed_lines": [], "summary": {"covered_lines": 0, "num_statements": 1, "percent_covered": 0.0, "percent_covered_display": "0", "missing_lines": 1, "excluded_lines": 0, "num_branches": 0, "num_partial_branches": 0, "covered_branches": 0, "missing_branches": 0}, "missing_lines": [1622], "excluded_lines": [], "executed_branches": [], "missing_branches": []}, "create_app.security_summary": {"executed_lines": [], "summary": {"covered_lines": 0, "num_statements": 7, "percent_covered": 0.0, "percent_covered_display": "0", "missing_lines": 7, "excluded_lines": 0, "num_branches": 0, "num_partial_branches": 0, "covered_branches": 0, "missing_branches": 0}, "missing_lines": [1637, 1638, 1639, 1641, 1647, 1648, 1649], "excluded_lines": [], "executed_branches": [], "missing_branches": []}, "create_app.security_events": {"executed_lines": [], "summary": {"covered_lines": 0, "num_statements": 16, "percent_covered": 0.0, "percent_covered_display": "0", "missing_lines": 16, "excluded_lines": 0, "num_branches": 4, "num_partial_branches": 0, "covered_branches": 0, "missing_branches": 4}, "missing_lines": [1656, 1657, 1658, 1659, 1661, 1662, 1663, 1664, 1666, 1669, 1670, 1671, 1684, 1691, 1692, 1693], "excluded_lines": [], "executed_branches": [], "missing_branches": [[1663, 1664], [1663, 1666], [1670, 1671], [1670, 1684]]}, "create_app.performance_comprehensive": {"executed_lines": [], "summary": {"covered_lines": 0, "num_statements": 7, "percent_covered": 0.0, "percent_covered_display": "0", "missing_lines": 7, "excluded_lines": 0, "num_branches": 0, "num_partial_branches": 0, "covered_branches": 0, "missing_branches": 0}, "missing_lines": [1700, 1701, 1702, 1704, 1710, 1711, 1712], "excluded_lines": [], "executed_branches": [], "missing_branches": []}, "create_app.clear_performance_cache": {"executed_lines": [], "summary": {"covered_lines": 0, "num_statements": 7, "percent_covered": 0.0, "percent_covered_display": "0", "missing_lines": 7, "excluded_lines": 0, "num_branches": 0, "num_partial_branches": 0, "covered_branches": 0, "missing_branches": 0}, "missing_lines": [1719, 1720, 1721, 1723, 1729, 1730, 1731], "excluded_lines": [], "executed_branches": [], "missing_branches": []}, "create_app.ux_analytics": {"executed_lines": [], "summary": {"covered_lines": 0, "num_statements": 10, "percent_covered": 0.0, "percent_covered_display": "0", "missing_lines": 10, "excluded_lines": 0, "num_branches": 2, "num_partial_branches": 0, "covered_branches": 0, "missing_branches": 2}, "missing_lines": [1738, 1739, 1740, 1741, 1743, 1744, 1746, 1753, 1754, 1755], "excluded_lines": [], "executed_branches": [], "missing_branches": [[1740, 1741], [1740, 1743]]}, "create_app.get_recommendations": {"executed_lines": [], "summary": {"covered_lines": 0, "num_statements": 12, "percent_covered": 0.0, "percent_covered_display": "0", "missing_lines": 12, "excluded_lines": 0, "num_branches": 2, "num_partial_branches": 0, "covered_branches": 0, "missing_branches": 2}, "missing_lines": [1761, 1762, 1763, 1764, 1766, 1767, 1769, 1770, 1772, 1779, 1780, 1781], "excluded_lines": [], "executed_branches": [], "missing_branches": [[1763, 1764], [1763, 1766]]}, "create_app.smart_search": {"executed_lines": [], "summary": {"covered_lines": 0, "num_statements": 14, "percent_covered": 0.0, "percent_covered_display": "0", "missing_lines": 14, "excluded_lines": 0, "num_branches": 2, "num_partial_branches": 0, "covered_branches": 0, "missing_branches": 2}, "missing_lines": [1787, 1788, 1789, 1790, 1792, 1793, 1794, 1795, 1797, 1798, 1802, 1808, 1809, 1810], "excluded_lines": [], "executed_branches": [], "missing_branches": [[1789, 1790], [1789, 1792]]}, "create_app.get_notifications": {"executed_lines": [], "summary": {"covered_lines": 0, "num_statements": 14, "percent_covered": 0.0, "percent_covered_display": "0", "missing_lines": 14, "excluded_lines": 0, "num_branches": 4, "num_partial_branches": 0, "covered_branches": 0, "missing_branches": 4}, "missing_lines": [1816, 1817, 1818, 1819, 1821, 1822, 1823, 1826, 1827, 1828, 1838, 1847, 1848, 1849], "excluded_lines": [], "executed_branches": [], "missing_branches": [[1818, 1819], [1818, 1821], [1827, 1828], [1827, 1838]]}, "create_app.mark_notification_read": {"executed_lines": [], "summary": {"covered_lines": 0, "num_statements": 10, "percent_covered": 0.0, "percent_covered_display": "0", "missing_lines": 10, "excluded_lines": 0, "num_branches": 2, "num_partial_branches": 0, "covered_branches": 0, "missing_branches": 2}, "missing_lines": [1855, 1856, 1857, 1858, 1860, 1861, 1863, 1869, 1870, 1871], "excluded_lines": [], "executed_branches": [], "missing_branches": [[1857, 1858], [1857, 1860]]}, "create_app.generate_jwt": {"executed_lines": [], "summary": {"covered_lines": 0, "num_statements": 11, "percent_covered": 0.0, "percent_covered_display": "0", "missing_lines": 11, "excluded_lines": 0, "num_branches": 2, "num_partial_branches": 0, "covered_branches": 0, "missing_branches": 2}, "missing_lines": [1877, 1878, 1879, 1880, 1882, 1884, 1890, 1892, 1901, 1902, 1903], "excluded_lines": [], "executed_branches": [], "missing_branches": [[1879, 1880], [1879, 1882]]}, "create_app.user_activity": {"executed_lines": [], "summary": {"covered_lines": 0, "num_statements": 11, "percent_covered": 0.0, "percent_covered_display": "0", "missing_lines": 11, "excluded_lines": 0, "num_branches": 2, "num_partial_branches": 0, "covered_branches": 0, "missing_branches": 2}, "missing_lines": [1909, 1910, 1911, 1912, 1914, 1916, 1917, 1919, 1925, 1926, 1927], "excluded_lines": [], "executed_branches": [], "missing_branches": [[1911, 1912], [1911, 1914]]}, "create_app.database_advanced_optimization": {"executed_lines": [], "summary": {"covered_lines": 0, "num_statements": 9, "percent_covered": 0.0, "percent_covered_display": "0", "missing_lines": 9, "excluded_lines": 0, "num_branches": 2, "num_partial_branches": 0, "covered_branches": 0, "missing_branches": 2}, "missing_lines": [1936, 1937, 1938, 1939, 1941, 1943, 1949, 1950, 1951], "excluded_lines": [], "executed_branches": [], "missing_branches": [[1938, 1939], [1938, 1941]]}, "create_app.apply_database_auto_optimizations": {"executed_lines": [], "summary": {"covered_lines": 0, "num_statements": 9, "percent_covered": 0.0, "percent_covered_display": "0", "missing_lines": 9, "excluded_lines": 0, "num_branches": 2, "num_partial_branches": 0, "covered_branches": 0, "missing_branches": 2}, "missing_lines": [1958, 1959, 1960, 1961, 1963, 1965, 1971, 1972, 1973], "excluded_lines": [], "executed_branches": [], "missing_branches": [[1960, 1961], [1960, 1963]]}, "create_app.api_security_summary": {"executed_lines": [], "summary": {"covered_lines": 0, "num_statements": 9, "percent_covered": 0.0, "percent_covered_display": "0", "missing_lines": 9, "excluded_lines": 0, "num_branches": 2, "num_partial_branches": 0, "covered_branches": 0, "missing_branches": 2}, "missing_lines": [1980, 1981, 1982, 1983, 1985, 1987, 1993, 1994, 1995], "excluded_lines": [], "executed_branches": [], "missing_branches": [[1982, 1983], [1982, 1985]]}, "create_app.system_overview": {"executed_lines": [], "summary": {"covered_lines": 0, "num_statements": 9, "percent_covered": 0.0, "percent_covered_display": "0", "missing_lines": 9, "excluded_lines": 0, "num_branches": 2, "num_partial_branches": 0, "covered_branches": 0, "missing_branches": 2}, "missing_lines": [2002, 2003, 2004, 2005, 2007, 2009, 2015, 2016, 2017], "excluded_lines": [], "executed_branches": [], "missing_branches": [[2004, 2005], [2004, 2007]]}, "create_app.capacity_analysis": {"executed_lines": [], "summary": {"covered_lines": 0, "num_statements": 9, "percent_covered": 0.0, "percent_covered_display": "0", "missing_lines": 9, "excluded_lines": 0, "num_branches": 2, "num_partial_branches": 0, "covered_branches": 0, "missing_branches": 2}, "missing_lines": [2024, 2025, 2026, 2027, 2029, 2031, 2037, 2038, 2039], "excluded_lines": [], "executed_branches": [], "missing_branches": [[2026, 2027], [2026, 2029]]}, "create_app.secure_api_test": {"executed_lines": [], "summary": {"covered_lines": 0, "num_statements": 1, "percent_covered": 0.0, "percent_covered_display": "0", "missing_lines": 1, "excluded_lines": 0, "num_branches": 0, "num_partial_branches": 0, "covered_branches": 0, "missing_branches": 0}, "missing_lines": [2047], "excluded_lines": [], "executed_branches": [], "missing_branches": []}, "": {"executed_lines": [1, 2, 3], "summary": {"covered_lines": 3, "num_statements": 66, "percent_covered": 4.054054054054054, "percent_covered_display": "4", "missing_lines": 63, "excluded_lines": 0, "num_branches": 8, "num_partial_branches": 0, "covered_branches": 0, "missing_branches": 8}, "missing_lines": [4, 5, 6, 7, 9, 10, 11, 13, 15, 16, 17, 18, 20, 21, 22, 24, 25, 26, 28, 29, 30, 31, 32, 33, 34, 35, 36, 37, 38, 39, 40, 41, 42, 45, 54, 55, 57, 74, 91, 98, 131, 152, 2067, 2068, 2069, 2070, 2073, 2074, 2075, 2076, 2077, 2078, 2079, 2080, 2081, 2083, 2085, 2086, 2087, 2088, 2089, 2090, 2092], "excluded_lines": [], "executed_branches": [], "missing_branches": [[2069, 2070], [2069, 2073], [2073, 2074], [2073, 2085], [2080, 2081], [2080, 2083], [2089, 2090], [2089, 2092]]}}, "classes": {"": {"executed_lines": [1, 2, 3], "summary": {"covered_lines": 3, "num_statements": 1226, "percent_covered": 0.19607843137254902, "percent_covered_display": "1", "missing_lines": 1223, "excluded_lines": 0, "num_branches": 304, "num_partial_branches": 0, "covered_branches": 0, "missing_branches": 304}, "missing_lines": [4, 5, 6, 7, 9, 10, 11, 13, 15, 16, 17, 18, 20, 21, 22, 24, 25, 26, 28, 29, 30, 31, 32, 33, 34, 35, 36, 37, 38, 39, 40, 41, 42, 45, 54, 55, 57, 59, 60, 63, 64, 67, 69, 70, 72, 74, 76, 77, 80, 81, 84, 85, 86, 87, 89, 91, 93, 94, 95, 98, 100, 101, 102, 105, 108, 115, 116, 119, 122, 123, 125, 127, 128, 129, 131, 133, 134, 137, 140, 143, 144, 146, 148, 149, 150, 152, 154, 155, 157, 161, 164, 165, 167, 168, 169, 170, 172, 174, 175, 178, 179, 182, 185, 186, 194, 195, 196, 199, 200, 201, 204, 205, 206, 207, 208, 209, 210, 211, 213, 214, 216, 217, 218, 221, 222, 223, 224, 225, 226, 229, 230, 231, 232, 233, 236, 239, 242, 243, 244, 245, 246, 247, 250, 251, 252, 253, 254, 257, 258, 261, 277, 280, 283, 284, 285, 288, 290, 293, 294, 301, 302, 303, 304, 305, 306, 309, 310, 311, 314, 315, 318, 319, 320, 321, 324, 325, 326, 327, 329, 330, 331, 332, 333, 335, 336, 337, 338, 339, 342, 344, 346, 376, 377, 378, 379, 380, 382, 383, 390, 391, 392, 395, 396, 397, 398, 401, 402, 403, 404, 406, 407, 408, 410, 411, 412, 413, 416, 420, 421, 424, 425, 427, 428, 430, 431, 432, 434, 435, 436, 439, 440, 441, 442, 443, 445, 446, 449, 450, 453, 454, 457, 458, 461, 462, 465, 466, 468, 469, 471, 473, 474, 475, 477, 478, 479, 482, 483, 484, 485, 486, 488, 489, 491, 492, 494, 495, 497, 501, 502, 503, 505, 507, 508, 509, 510, 514, 515, 517, 518, 521, 523, 524, 525, 526, 527, 528, 531, 532, 534, 537, 538, 539, 541, 543, 544, 545, 546, 547, 548, 549, 550, 553, 554, 555, 556, 559, 560, 563, 564, 565, 569, 570, 572, 575, 576, 577, 579, 580, 582, 583, 585, 586, 589, 590, 591, 598, 599, 602, 603, 604, 605, 607, 608, 609, 610, 611, 614, 615, 617, 620, 621, 623, 624, 625, 626, 627, 628, 630, 631, 634, 635, 637, 638, 639, 640, 641, 644, 645, 648, 651, 652, 653, 654, 657, 658, 659, 660, 662, 663, 666, 668, 669, 670, 671, 674, 675, 676, 677, 678, 679, 680, 681, 683, 685, 688, 689, 691, 692, 693, 694, 695, 697, 698, 699, 700, 701, 703, 704, 706, 707, 710, 711, 712, 713, 714, 717, 718, 719, 720, 721, 722, 723, 726, 727, 728, 730, 731, 732, 733, 736, 737, 738, 739, 740, 741, 742, 743, 744, 745, 748, 749, 750, 751, 752, 753, 756, 757, 758, 760, 761, 762, 763, 764, 766, 767, 768, 769, 770, 771, 773, 774, 775, 776, 777, 778, 780, 781, 782, 783, 786, 787, 789, 790, 791, 793, 794, 796, 797, 801, 802, 804, 807, 808, 809, 811, 813, 814, 815, 817, 818, 819, 821, 823, 824, 825, 826, 827, 829, 830, 833, 834, 835, 836, 837, 838, 839, 840, 841, 842, 843, 844, 845, 846, 847, 850, 851, 852, 853, 854, 855, 856, 858, 859, 860, 861, 864, 865, 866, 867, 870, 871, 872, 873, 874, 876, 877, 878, 879, 880, 881, 882, 883, 885, 886, 888, 889, 892, 893, 896, 897, 898, 901, 902, 903, 905, 906, 909, 912, 913, 914, 917, 920, 922, 924, 926, 932, 933, 934, 936, 937, 938, 939, 941, 942, 943, 944, 945, 946, 948, 949, 950, 951, 953, 954, 955, 956, 957, 958, 959, 960, 961, 962, 964, 965, 967, 968, 969, 970, 971, 972, 973, 974, 977, 978, 979, 980, 981, 982, 983, 984, 987, 990, 991, 992, 993, 994, 996, 997, 998, 999, 1000, 1001, 1002, 1004, 1011, 1012, 1013, 1014, 1015, 1016, 1017, 1018, 1019, 1021, 1022, 1024, 1025, 1026, 1027, 1029, 1030, 1031, 1033, 1034, 1035, 1038, 1039, 1040, 1041, 1044, 1045, 1047, 1048, 1050, 1051, 1053, 1054, 1057, 1066, 1068, 1073, 1074, 1075, 1077, 1078, 1080, 1081, 1082, 1083, 1085, 1086, 1088, 1089, 1092, 1093, 1095, 1096, 1099, 1100, 1102, 1103, 1108, 1110, 1115, 1116, 1117, 1119, 1120, 1122, 1123, 1124, 1126, 1128, 1134, 1135, 1137, 1138, 1140, 1142, 1144, 1146, 1147, 1148, 1150, 1151, 1153, 1154, 1156, 1157, 1162, 1163, 1164, 1167, 1169, 1174, 1175, 1176, 1178, 1184, 1190, 1191, 1192, 1198, 1199, 1201, 1202, 1204, 1205, 1207, 1208, 1210, 1211, 1213, 1215, 1216, 1217, 1219, 1220, 1222, 1223, 1225, 1226, 1228, 1229, 1231, 1232, 1235, 1243, 1248, 1249, 1250, 1252, 1253, 1255, 1256, 1257, 1258, 1260, 1261, 1262, 1264, 1265, 1267, 1268, 1269, 1271, 1272, 1275, 1276, 1278, 1279, 1281, 1282, 1286, 1288, 1293, 1294, 1295, 1297, 1298, 1300, 1302, 1305, 1306, 1307, 1308, 1309, 1310, 1312, 1314, 1315, 1316, 1318, 1319, 1320, 1322, 1323, 1331, 1332, 1334, 1335, 1336, 1337, 1338, 1339, 1340, 1341, 1344, 1345, 1346, 1347, 1348, 1350, 1351, 1352, 1355, 1356, 1357, 1358, 1359, 1361, 1362, 1363, 1364, 1367, 1368, 1369, 1370, 1376, 1377, 1378, 1379, 1382, 1383, 1384, 1385, 1386, 1389, 1390, 1391, 1392, 1393, 1399, 1400, 1401, 1402, 1405, 1406, 1407, 1408, 1410, 1411, 1413, 1414, 1415, 1417, 1422, 1423, 1424, 1425, 1428, 1429, 1430, 1432, 1435, 1436, 1437, 1438, 1439, 1440, 1443, 1444, 1445, 1446, 1447, 1449, 1451, 1453, 1454, 1455, 1462, 1463, 1464, 1466, 1467, 1468, 1470, 1471, 1473, 1475, 1476, 1477, 1480, 1481, 1482, 1484, 1486, 1487, 1489, 1490, 1493, 1494, 1495, 1496, 1497, 1498, 1501, 1502, 1503, 1504, 1505, 1506, 1509, 1510, 1513, 1514, 1516, 1529, 1530, 1531, 1534, 1535, 1536, 1538, 1539, 1540, 1542, 1544, 1545, 1546, 1548, 1549, 1550, 1552, 1553, 1554, 1556, 1557, 1559, 1560, 1562, 1563, 1564, 1567, 1568, 1569, 1571, 1572, 1573, 1575, 1576, 1578, 1580, 1581, 1582, 1584, 1585, 1586, 1588, 1589, 1590, 1592, 1593, 1595, 1596, 1598, 1599, 1600, 1602, 1603, 1604, 1606, 1607, 1608, 1610, 1618, 1620, 1621, 1622, 1624, 1626, 1627, 1628, 1632, 1633, 1634, 1635, 1637, 1638, 1639, 1641, 1647, 1648, 1649, 1651, 1652, 1653, 1654, 1656, 1657, 1658, 1659, 1661, 1662, 1663, 1664, 1666, 1669, 1670, 1671, 1684, 1691, 1692, 1693, 1695, 1696, 1697, 1698, 1700, 1701, 1702, 1704, 1710, 1711, 1712, 1714, 1715, 1716, 1717, 1719, 1720, 1721, 1723, 1729, 1730, 1731, 1733, 1734, 1735, 1736, 1738, 1739, 1740, 1741, 1743, 1744, 1746, 1753, 1754, 1755, 1757, 1758, 1759, 1761, 1762, 1763, 1764, 1766, 1767, 1769, 1770, 1772, 1779, 1780, 1781, 1783, 1784, 1785, 1787, 1788, 1789, 1790, 1792, 1793, 1794, 1795, 1797, 1798, 1802, 1808, 1809, 1810, 1812, 1813, 1814, 1816, 1817, 1818, 1819, 1821, 1822, 1823, 1826, 1827, 1828, 1838, 1847, 1848, 1849, 1851, 1852, 1853, 1855, 1856, 1857, 1858, 1860, 1861, 1863, 1869, 1870, 1871, 1873, 1874, 1875, 1877, 1878, 1879, 1880, 1882, 1884, 1890, 1892, 1901, 1902, 1903, 1905, 1906, 1907, 1909, 1910, 1911, 1912, 1914, 1916, 1917, 1919, 1925, 1926, 1927, 1931, 1932, 1933, 1934, 1936, 1937, 1938, 1939, 1941, 1943, 1949, 1950, 1951, 1953, 1954, 1955, 1956, 1958, 1959, 1960, 1961, 1963, 1965, 1971, 1972, 1973, 1975, 1976, 1977, 1978, 1980, 1981, 1982, 1983, 1985, 1987, 1993, 1994, 1995, 1997, 1998, 1999, 2000, 2002, 2003, 2004, 2005, 2007, 2009, 2015, 2016, 2017, 2019, 2020, 2021, 2022, 2024, 2025, 2026, 2027, 2029, 2031, 2037, 2038, 2039, 2042, 2043, 2044, 2045, 2047, 2054, 2056, 2067, 2068, 2069, 2070, 2073, 2074, 2075, 2076, 2077, 2078, 2079, 2080, 2081, 2083, 2085, 2086, 2087, 2088, 2089, 2090, 2092], "excluded_lines": [], "executed_branches": [], "missing_branches": [[59, 60], [59, 63], [63, 64], [63, 67], [67, 69], [67, 72], [76, 77], [76, 80], [80, 81], [80, 84], [85, 86], [85, 89], [86, 85], [86, 87], [93, 94], [93, 95], [164, 165], [164, 174], [167, 168], [167, 174], [185, 186], [185, 194], [194, 195], [194, 199], [199, 200], [199, 216], [204, 205], [204, 208], [208, 209], [208, 213], [221, 222], [221, 229], [223, 224], [223, 229], [224, 223], [224, 225], [251, 252], [251, 257], [253, 254], [253, 257], [257, 258], [257, 261], [302, 303], [302, 309], [304, 302], [304, 305], [309, 310], [309, 314], [324, 325], [324, 326], [326, 327], [326, 329], [401, 402], [401, 403], [403, 404], [403, 406], [430, 431], [430, 434], [441, -439], [441, 442], [471, 473], [471, 477], [484, -482], [484, 485], [517, 518], [517, 521], [521, 523], [521, 531], [531, 532], [531, 534], [539, -537], [539, 541], [541, -537], [541, 543], [563, 564], [563, 572], [575, -553], [575, 576], [582, 583], [582, 617], [589, 590], [589, 602], [602, 603], [602, 614], [607, 608], [607, 614], [644, 645], [644, 648], [651, 652], [651, 666], [658, 659], [658, 666], [668, 669], [668, 710], [675, 676], [675, 683], [676, 675], [676, 677], [683, 685], [683, 710], [691, 692], [691, 697], [693, 691], [693, 694], [697, 698], [697, 710], [711, 712], [711, 717], [719, 720], [719, 726], [760, 761], [760, 762], [762, 763], [762, 764], [769, 770], [769, 771], [776, 777], [776, 778], [789, 790], [789, 793], [796, 797], [796, 801], [802, 804], [802, 807], [807, -786], [807, 808], [811, -786], [811, 813], [814, 815], [814, 817], [821, 823], [821, 847], [834, 835], [834, 847], [842, 843], [842, 847], [853, 854], [853, 861], [855, 856], [855, 858], [859, 853], [859, 860], [885, 886], [885, 888], [888, 889], [888, 892], [892, 893], [892, 896], [897, 898], [897, 901], [905, 906], [905, 909], [912, 913], [912, 924], [955, 956], [955, 964], [957, 958], [957, 962], [967, 968], [967, 977], [969, 970], [969, 974], [977, 978], [977, 987], [979, 980], [979, 984], [997, 998], [997, 1002], [1013, 1014], [1013, 1018], [1026, 1027], [1026, 1029], [1030, 1031], [1030, 1033], [1034, 1035], [1034, 1038], [1044, 1045], [1044, 1047], [1047, 1048], [1047, 1050], [1050, 1051], [1050, 1053], [1053, 1054], [1053, 1057], [1082, 1083], [1082, 1085], [1088, 1089], [1088, 1092], [1092, 1093], [1092, 1095], [1095, 1096], [1095, 1099], [1099, 1100], [1099, 1102], [1102, 1103], [1102, 1108], [1126, 1128], [1126, 1144], [1134, 1135], [1134, 1137], [1137, 1138], [1137, 1140], [1156, 1157], [1156, 1162], [1167, 1169], [1167, 1184], [1174, 1175], [1174, 1176], [1204, 1205], [1204, 1207], [1210, 1211], [1210, 1213], [1225, 1226], [1225, 1228], [1231, 1232], [1231, 1235], [1257, 1258], [1257, 1260], [1264, 1265], [1264, 1267], [1268, 1269], [1268, 1271], [1271, 1272], [1271, 1275], [1275, 1276], [1275, 1278], [1278, 1279], [1278, 1281], [1281, 1282], [1281, 1286], [1347, 1348], [1347, 1350], [1358, 1359], [1358, 1361], [1376, 1377], [1376, 1382], [1399, 1400], [1399, 1405], [1410, 1411], [1410, 1413], [1414, 1415], [1414, 1417], [1429, 1430], [1429, 1432], [1436, 1437], [1436, 1443], [1444, 1445], [1444, 1446], [1446, 1447], [1446, 1449], [1470, 1471], [1470, 1473], [1486, 1487], [1486, 1489], [1494, 1495], [1494, 1501], [1502, 1503], [1502, 1509], [1539, 1540], [1539, 1542], [1553, 1554], [1553, 1556], [1572, 1573], [1572, 1575], [1589, 1590], [1589, 1592], [1663, 1664], [1663, 1666], [1670, 1671], [1670, 1684], [1740, 1741], [1740, 1743], [1763, 1764], [1763, 1766], [1789, 1790], [1789, 1792], [1818, 1819], [1818, 1821], [1827, 1828], [1827, 1838], [1857, 1858], [1857, 1860], [1879, 1880], [1879, 1882], [1911, 1912], [1911, 1914], [1938, 1939], [1938, 1941], [1960, 1961], [1960, 1963], [1982, 1983], [1982, 1985], [2004, 2005], [2004, 2007], [2026, 2027], [2026, 2029], [2069, 2070], [2069, 2073], [2073, 2074], [2073, 2085], [2080, 2081], [2080, 2083], [2089, 2090], [2089, 2092]]}}}, "woniunote\\app_factory.py": {"executed_lines": [1, 5, 6, 7, 8], "summary": {"covered_lines": 4, "num_statements": 353, "percent_covered": 0.9876543209876543, "percent_covered_display": "1", "missing_lines": 349, "excluded_lines": 0, "num_branches": 52, "num_partial_branches": 0, "covered_branches": 0, "missing_branches": 52}, "missing_lines": [9, 10, 11, 12, 13, 14, 15, 16, 17, 18, 20, 22, 23, 24, 25, 27, 28, 29, 30, 31, 32, 33, 34, 36, 37, 38, 39, 40, 41, 42, 43, 44, 45, 46, 48, 51, 54, 55, 63, 64, 72, 73, 80, 81, 88, 89, 96, 97, 98, 99, 100, 101, 102, 103, 104, 105, 107, 108, 109, 110, 112, 113, 114, 115, 116, 117, 118, 119, 120, 121, 122, 123, 124, 125, 130, 131, 132, 134, 135, 136, 137, 138, 139, 141, 142, 143, 144, 145, 147, 148, 149, 150, 151, 152, 153, 154, 155, 156, 157, 169, 170, 171, 172, 174, 175, 176, 177, 178, 179, 180, 181, 182, 183, 184, 185, 186, 187, 188, 189, 190, 192, 193, 194, 195, 196, 197, 198, 199, 200, 202, 203, 204, 205, 206, 207, 208, 209, 210, 211, 212, 213, 225, 226, 227, 228, 229, 230, 231, 232, 233, 234, 235, 237, 238, 239, 240, 241, 242, 243, 244, 245, 246, 247, 248, 250, 251, 252, 253, 254, 255, 256, 257, 259, 260, 264, 265, 266, 267, 268, 269, 271, 272, 273, 274, 275, 276, 277, 278, 279, 280, 281, 282, 288, 289, 290, 292, 293, 294, 295, 296, 298, 299, 300, 301, 303, 304, 305, 306, 307, 308, 309, 310, 311, 312, 313, 314, 315, 316, 317, 318, 319, 320, 321, 322, 323, 325, 326, 327, 328, 329, 330, 331, 332, 333, 334, 335, 336, 337, 338, 339, 343, 345, 346, 347, 348, 349, 350, 351, 352, 353, 355, 356, 357, 358, 359, 360, 361, 362, 363, 364, 365, 366, 367, 368, 369, 370, 371, 372, 373, 379, 384, 385, 386, 387, 388, 389, 390, 391, 392, 393, 394, 395, 396, 397, 398, 399, 400, 401, 402, 403, 404, 405, 406, 407, 408, 409, 410, 411, 412, 413, 414, 415, 416, 417, 418, 419, 420, 421, 426, 427, 428, 429, 430, 431, 432, 433, 434, 435, 436, 437, 438, 439, 444, 445, 446, 447, 448, 449, 450, 451, 452, 453, 455, 456, 457, 458, 459, 460, 461, 462, 463, 464, 465, 466, 467, 468, 470, 472, 473], "excluded_lines": [], "executed_branches": [], "missing_branches": [[31, 32], [31, 39], [33, 34], [33, 36], [44, 45], [44, 46], [114, 115], [114, 120], [124, 125], [124, 130], [138, 139], [138, 141], [184, 185], [184, 190], [194, 195], [194, 198], [196, 197], [196, 198], [225, 226], [225, 227], [252, 253], [252, 254], [254, -250], [254, 255], [256, -250], [256, 257], [265, 266], [265, 267], [268, -259], [268, 269], [274, -271], [274, 275], [281, -271], [281, 282], [294, 295], [294, 296], [308, 309], [308, 312], [315, 316], [315, 319], [328, 329], [328, 330], [330, 331], [330, 332], [334, 335], [334, 336], [372, 373], [372, 379], [420, 421], [420, 426], [436, 437], [436, 444]], "functions": {"AppFactory.__init__": {"executed_lines": [], "summary": {"covered_lines": 0, "num_statements": 2, "percent_covered": 0.0, "percent_covered_display": "0", "missing_lines": 2, "excluded_lines": 0, "num_branches": 0, "num_partial_branches": 0, "covered_branches": 0, "missing_branches": 0}, "missing_lines": [24, 25], "excluded_lines": [], "executed_branches": [], "missing_branches": []}, "AppFactory.create_app": {"executed_lines": [], "summary": {"covered_lines": 0, "num_statements": 40, "percent_covered": 0.0, "percent_covered_display": "0", "missing_lines": 40, "excluded_lines": 0, "num_branches": 6, "num_partial_branches": 0, "covered_branches": 0, "missing_branches": 6}, "missing_lines": [28, 29, 30, 31, 32, 33, 34, 36, 37, 38, 39, 40, 41, 42, 43, 44, 45, 46, 48, 51, 54, 55, 63, 64, 72, 73, 80, 81, 88, 89, 96, 97, 98, 99, 100, 101, 102, 103, 104, 105], "excluded_lines": [], "executed_branches": [], "missing_branches": [[31, 32], [31, 39], [33, 34], [33, 36], [44, 45], [44, 46]]}, "AppFactory._create_flask_instance": {"executed_lines": [], "summary": {"covered_lines": 0, "num_statements": 3, "percent_covered": 0.0, "percent_covered_display": "0", "missing_lines": 3, "excluded_lines": 0, "num_branches": 0, "num_partial_branches": 0, "covered_branches": 0, "missing_branches": 0}, "missing_lines": [108, 109, 110], "excluded_lines": [], "executed_branches": [], "missing_branches": []}, "AppFactory._load_configurations": {"executed_lines": [], "summary": {"covered_lines": 0, "num_statements": 16, "percent_covered": 0.0, "percent_covered_display": "0", "missing_lines": 16, "excluded_lines": 0, "num_branches": 4, "num_partial_branches": 0, "covered_branches": 0, "missing_branches": 4}, "missing_lines": [113, 114, 115, 116, 117, 118, 119, 120, 121, 122, 123, 124, 125, 130, 131, 132], "excluded_lines": [], "executed_branches": [], "missing_branches": [[114, 115], [114, 120], [124, 125], [124, 130]]}, "AppFactory._initialize_config_management": {"executed_lines": [], "summary": {"covered_lines": 0, "num_statements": 10, "percent_covered": 0.0, "percent_covered_display": "0", "missing_lines": 10, "excluded_lines": 0, "num_branches": 2, "num_partial_branches": 0, "covered_branches": 0, "missing_branches": 2}, "missing_lines": [135, 136, 137, 138, 139, 141, 142, 143, 144, 145], "excluded_lines": [], "executed_branches": [], "missing_branches": [[138, 139], [138, 141]]}, "AppFactory._configure_database": {"executed_lines": [], "summary": {"covered_lines": 0, "num_statements": 14, "percent_covered": 0.0, "percent_covered_display": "0", "missing_lines": 14, "excluded_lines": 0, "num_branches": 0, "num_partial_branches": 0, "covered_branches": 0, "missing_branches": 0}, "missing_lines": [148, 149, 150, 151, 152, 153, 154, 155, 156, 157, 169, 170, 171, 172], "excluded_lines": [], "executed_branches": [], "missing_branches": []}, "AppFactory._init_extensions": {"executed_lines": [], "summary": {"covered_lines": 0, "num_statements": 16, "percent_covered": 0.0, "percent_covered_display": "0", "missing_lines": 16, "excluded_lines": 0, "num_branches": 2, "num_partial_branches": 0, "covered_branches": 0, "missing_branches": 2}, "missing_lines": [175, 176, 177, 178, 179, 180, 181, 182, 183, 184, 185, 186, 187, 188, 189, 190], "excluded_lines": [], "executed_branches": [], "missing_branches": [[184, 185], [184, 190]]}, "AppFactory._configure_session": {"executed_lines": [], "summary": {"covered_lines": 0, "num_statements": 8, "percent_covered": 0.0, "percent_covered_display": "0", "missing_lines": 8, "excluded_lines": 0, "num_branches": 4, "num_partial_branches": 0, "covered_branches": 0, "missing_branches": 4}, "missing_lines": [193, 194, 195, 196, 197, 198, 199, 200], "excluded_lines": [], "executed_branches": [], "missing_branches": [[194, 195], [194, 198], [196, 197], [196, 198]]}, "AppFactory._register_blueprints": {"executed_lines": [], "summary": {"covered_lines": 0, "num_statements": 18, "percent_covered": 0.0, "percent_covered_display": "0", "missing_lines": 18, "excluded_lines": 0, "num_branches": 2, "num_partial_branches": 0, "covered_branches": 0, "missing_branches": 2}, "missing_lines": [203, 204, 205, 206, 207, 208, 209, 210, 211, 212, 213, 225, 226, 227, 228, 229, 232, 233], "excluded_lines": [], "executed_branches": [], "missing_branches": [[225, 226], [225, 227]]}, "AppFactory._register_blueprints.redirect_login": {"executed_lines": [], "summary": {"covered_lines": 0, "num_statements": 2, "percent_covered": 0.0, "percent_covered_display": "0", "missing_lines": 2, "excluded_lines": 0, "num_branches": 0, "num_partial_branches": 0, "covered_branches": 0, "missing_branches": 0}, "missing_lines": [230, 231], "excluded_lines": [], "executed_branches": [], "missing_branches": []}, "AppFactory._register_blueprints.redirect_loginfo": {"executed_lines": [], "summary": {"covered_lines": 0, "num_statements": 2, "percent_covered": 0.0, "percent_covered_display": "0", "missing_lines": 2, "excluded_lines": 0, "num_branches": 0, "num_partial_branches": 0, "covered_branches": 0, "missing_branches": 0}, "missing_lines": [234, 235], "excluded_lines": [], "executed_branches": [], "missing_branches": []}, "AppFactory._setup_request_handlers": {"executed_lines": [], "summary": {"covered_lines": 0, "num_statements": 4, "percent_covered": 0.0, "percent_covered_display": "0", "missing_lines": 4, "excluded_lines": 0, "num_branches": 0, "num_partial_branches": 0, "covered_branches": 0, "missing_branches": 0}, "missing_lines": [239, 244, 245, 248], "excluded_lines": [], "executed_branches": [], "missing_branches": []}, "AppFactory._setup_request_handlers.before_request": {"executed_lines": [], "summary": {"covered_lines": 0, "num_statements": 4, "percent_covered": 0.0, "percent_covered_display": "0", "missing_lines": 4, "excluded_lines": 0, "num_branches": 0, "num_partial_branches": 0, "covered_branches": 0, "missing_branches": 0}, "missing_lines": [240, 241, 242, 243], "excluded_lines": [], "executed_branches": [], "missing_branches": []}, "AppFactory._setup_request_handlers.after_request": {"executed_lines": [], "summary": {"covered_lines": 0, "num_statements": 2, "percent_covered": 0.0, "percent_covered_display": "0", "missing_lines": 2, "excluded_lines": 0, "num_branches": 0, "num_partial_branches": 0, "covered_branches": 0, "missing_branches": 0}, "missing_lines": [246, 247], "excluded_lines": [], "executed_branches": [], "missing_branches": []}, "AppFactory._security_checks": {"executed_lines": [], "summary": {"covered_lines": 0, "num_statements": 7, "percent_covered": 0.0, "percent_covered_display": "0", "missing_lines": 7, "excluded_lines": 0, "num_branches": 6, "num_partial_branches": 0, "covered_branches": 0, "missing_branches": 6}, "missing_lines": [251, 252, 253, 254, 255, 256, 257], "excluded_lines": [], "executed_branches": [], "missing_branches": [[252, 253], [252, 254], [254, -250], [254, 255], [256, -250], [256, 257]]}, "AppFactory._auto_login_check": {"executed_lines": [], "summary": {"covered_lines": 0, "num_statements": 7, "percent_covered": 0.0, "percent_covered_display": "0", "missing_lines": 7, "excluded_lines": 0, "num_branches": 4, "num_partial_branches": 0, "covered_branches": 0, "missing_branches": 4}, "missing_lines": [260, 264, 265, 266, 267, 268, 269], "excluded_lines": [], "executed_branches": [], "missing_branches": [[265, 266], [265, 267], [268, -259], [268, 269]]}, "AppFactory._attempt_cookie_login": {"executed_lines": [], "summary": {"covered_lines": 0, "num_statements": 14, "percent_covered": 0.0, "percent_covered_display": "0", "missing_lines": 14, "excluded_lines": 0, "num_branches": 4, "num_partial_branches": 0, "covered_branches": 0, "missing_branches": 4}, "missing_lines": [272, 273, 274, 275, 276, 277, 278, 279, 280, 281, 282, 288, 289, 290], "excluded_lines": [], "executed_branches": [], "missing_branches": [[274, -271], [274, 275], [281, -271], [281, 282]]}, "AppFactory._add_security_headers": {"executed_lines": [], "summary": {"covered_lines": 0, "num_statements": 4, "percent_covered": 0.0, "percent_covered_display": "0", "missing_lines": 4, "excluded_lines": 0, "num_branches": 2, "num_partial_branches": 0, "covered_branches": 0, "missing_branches": 2}, "missing_lines": [293, 294, 295, 296], "excluded_lines": [], "executed_branches": [], "missing_branches": [[294, 295], [294, 296]]}, "AppFactory._initialize_optimization_systems": {"executed_lines": [], "summary": {"covered_lines": 0, "num_statements": 24, "percent_covered": 0.0, "percent_covered_display": "0", "missing_lines": 24, "excluded_lines": 0, "num_branches": 4, "num_partial_branches": 0, "covered_branches": 0, "missing_branches": 4}, "missing_lines": [299, 300, 301, 303, 304, 305, 306, 307, 308, 309, 310, 311, 312, 313, 314, 315, 316, 317, 318, 319, 320, 321, 322, 323], "excluded_lines": [], "executed_branches": [], "missing_branches": [[308, 309], [308, 312], [315, 316], [315, 319]]}, "AppFactory._configure_templates_and_static": {"executed_lines": [], "summary": {"covered_lines": 0, "num_statements": 4, "percent_covered": 0.0, "percent_covered_display": "0", "missing_lines": 4, "excluded_lines": 0, "num_branches": 0, "num_partial_branches": 0, "covered_branches": 0, "missing_branches": 0}, "missing_lines": [327, 337, 338, 343], "excluded_lines": [], "executed_branches": [], "missing_branches": []}, "AppFactory._configure_templates_and_static.truncate_custom": {"executed_lines": [], "summary": {"covered_lines": 0, "num_statements": 9, "percent_covered": 0.0, "percent_covered_display": "0", "missing_lines": 9, "excluded_lines": 0, "num_branches": 6, "num_partial_branches": 0, "covered_branches": 0, "missing_branches": 6}, "missing_lines": [328, 329, 330, 331, 332, 333, 334, 335, 336], "excluded_lines": [], "executed_branches": [], "missing_branches": [[328, 329], [328, 330], [330, 331], [330, 332], [334, 335], [334, 336]]}, "AppFactory._configure_templates_and_static.inject_globals": {"executed_lines": [], "summary": {"covered_lines": 0, "num_statements": 1, "percent_covered": 0.0, "percent_covered_display": "0", "missing_lines": 1, "excluded_lines": 0, "num_branches": 0, "num_partial_branches": 0, "covered_branches": 0, "missing_branches": 0}, "missing_lines": [339], "excluded_lines": [], "executed_branches": [], "missing_branches": []}, "AppFactory._setup_error_handlers": {"executed_lines": [], "summary": {"covered_lines": 0, "num_statements": 8, "percent_covered": 0.0, "percent_covered_display": "0", "missing_lines": 8, "excluded_lines": 0, "num_branches": 0, "num_partial_branches": 0, "covered_branches": 0, "missing_branches": 0}, "missing_lines": [346, 347, 348, 349, 350, 351, 352, 353], "excluded_lines": [], "executed_branches": [], "missing_branches": []}, "AppFactory._register_recovery_handlers": {"executed_lines": [], "summary": {"covered_lines": 0, "num_statements": 10, "percent_covered": 0.0, "percent_covered_display": "0", "missing_lines": 10, "excluded_lines": 0, "num_branches": 0, "num_partial_branches": 0, "covered_branches": 0, "missing_branches": 0}, "missing_lines": [356, 387, 408, 430, 448, 449, 450, 451, 452, 453], "excluded_lines": [], "executed_branches": [], "missing_branches": []}, "AppFactory._register_recovery_handlers.database_recovery": {"executed_lines": [], "summary": {"covered_lines": 0, "num_statements": 21, "percent_covered": 0.0, "percent_covered_display": "0", "missing_lines": 21, "excluded_lines": 0, "num_branches": 2, "num_partial_branches": 0, "covered_branches": 0, "missing_branches": 2}, "missing_lines": [357, 358, 359, 360, 361, 362, 363, 364, 365, 366, 367, 368, 369, 370, 371, 372, 373, 379, 384, 385, 386], "excluded_lines": [], "executed_branches": [], "missing_branches": [[372, 373], [372, 379]]}, "AppFactory._register_recovery_handlers.redis_recovery": {"executed_lines": [], "summary": {"covered_lines": 0, "num_statements": 12, "percent_covered": 0.0, "percent_covered_display": "0", "missing_lines": 12, "excluded_lines": 0, "num_branches": 0, "num_partial_branches": 0, "covered_branches": 0, "missing_branches": 0}, "missing_lines": [388, 389, 390, 391, 392, 393, 394, 403, 404, 405, 406, 407], "excluded_lines": [], "executed_branches": [], "missing_branches": []}, "AppFactory._register_recovery_handlers.redis_recovery.try_reconnect": {"executed_lines": [], "summary": {"covered_lines": 0, "num_statements": 8, "percent_covered": 0.0, "percent_covered_display": "0", "missing_lines": 8, "excluded_lines": 0, "num_branches": 0, "num_partial_branches": 0, "covered_branches": 0, "missing_branches": 0}, "missing_lines": [395, 396, 397, 398, 399, 400, 401, 402], "excluded_lines": [], "executed_branches": [], "missing_branches": []}, "AppFactory._register_recovery_handlers.memory_recovery": {"executed_lines": [], "summary": {"covered_lines": 0, "num_statements": 17, "percent_covered": 0.0, "percent_covered_display": "0", "missing_lines": 17, "excluded_lines": 0, "num_branches": 2, "num_partial_branches": 0, "covered_branches": 0, "missing_branches": 2}, "missing_lines": [409, 410, 411, 412, 413, 414, 415, 416, 417, 418, 419, 420, 421, 426, 427, 428, 429], "excluded_lines": [], "executed_branches": [], "missing_branches": [[420, 421], [420, 426]]}, "AppFactory._register_recovery_handlers.filesystem_recovery": {"executed_lines": [], "summary": {"covered_lines": 0, "num_statements": 13, "percent_covered": 0.0, "percent_covered_display": "0", "missing_lines": 13, "excluded_lines": 0, "num_branches": 2, "num_partial_branches": 0, "covered_branches": 0, "missing_branches": 2}, "missing_lines": [431, 432, 433, 434, 435, 436, 437, 438, 439, 444, 445, 446, 447], "excluded_lines": [], "executed_branches": [], "missing_branches": [[436, 437], [436, 444]]}, "AppFactory._setup_basic_error_handlers": {"executed_lines": [], "summary": {"covered_lines": 0, "num_statements": 6, "percent_covered": 0.0, "percent_covered_display": "0", "missing_lines": 6, "excluded_lines": 0, "num_branches": 0, "num_partial_branches": 0, "covered_branches": 0, "missing_branches": 0}, "missing_lines": [457, 460, 461, 464, 465, 468], "excluded_lines": [], "executed_branches": [], "missing_branches": []}, "AppFactory._setup_basic_error_handlers.not_found_error": {"executed_lines": [], "summary": {"covered_lines": 0, "num_statements": 2, "percent_covered": 0.0, "percent_covered_display": "0", "missing_lines": 2, "excluded_lines": 0, "num_branches": 0, "num_partial_branches": 0, "covered_branches": 0, "missing_branches": 0}, "missing_lines": [458, 459], "excluded_lines": [], "executed_branches": [], "missing_branches": []}, "AppFactory._setup_basic_error_handlers.internal_error": {"executed_lines": [], "summary": {"covered_lines": 0, "num_statements": 2, "percent_covered": 0.0, "percent_covered_display": "0", "missing_lines": 2, "excluded_lines": 0, "num_branches": 0, "num_partial_branches": 0, "covered_branches": 0, "missing_branches": 0}, "missing_lines": [462, 463], "excluded_lines": [], "executed_branches": [], "missing_branches": []}, "AppFactory._setup_basic_error_handlers.forbidden_error": {"executed_lines": [], "summary": {"covered_lines": 0, "num_statements": 2, "percent_covered": 0.0, "percent_covered_display": "0", "missing_lines": 2, "excluded_lines": 0, "num_branches": 0, "num_partial_branches": 0, "covered_branches": 0, "missing_branches": 0}, "missing_lines": [466, 467], "excluded_lines": [], "executed_branches": [], "missing_branches": []}, "create_app": {"executed_lines": [], "summary": {"covered_lines": 0, "num_statements": 1, "percent_covered": 0.0, "percent_covered_display": "0", "missing_lines": 1, "excluded_lines": 0, "num_branches": 0, "num_partial_branches": 0, "covered_branches": 0, "missing_branches": 0}, "missing_lines": [473], "excluded_lines": [], "executed_branches": [], "missing_branches": []}, "": {"executed_lines": [1, 5, 6, 7, 8], "summary": {"covered_lines": 4, "num_statements": 40, "percent_covered": 10.0, "percent_covered_display": "10", "missing_lines": 36, "excluded_lines": 0, "num_branches": 0, "num_partial_branches": 0, "covered_branches": 0, "missing_branches": 0}, "missing_lines": [9, 10, 11, 12, 13, 14, 15, 16, 17, 18, 20, 22, 23, 27, 107, 112, 134, 147, 174, 192, 202, 237, 238, 250, 259, 271, 292, 298, 325, 326, 345, 355, 455, 456, 470, 472], "excluded_lines": [], "executed_branches": [], "missing_branches": []}}, "classes": {"AppFactory": {"executed_lines": [], "summary": {"covered_lines": 0, "num_statements": 312, "percent_covered": 0.0, "percent_covered_display": "0", "missing_lines": 312, "excluded_lines": 0, "num_branches": 52, "num_partial_branches": 0, "covered_branches": 0, "missing_branches": 52}, "missing_lines": [24, 25, 28, 29, 30, 31, 32, 33, 34, 36, 37, 38, 39, 40, 41, 42, 43, 44, 45, 46, 48, 51, 54, 55, 63, 64, 72, 73, 80, 81, 88, 89, 96, 97, 98, 99, 100, 101, 102, 103, 104, 105, 108, 109, 110, 113, 114, 115, 116, 117, 118, 119, 120, 121, 122, 123, 124, 125, 130, 131, 132, 135, 136, 137, 138, 139, 141, 142, 143, 144, 145, 148, 149, 150, 151, 152, 153, 154, 155, 156, 157, 169, 170, 171, 172, 175, 176, 177, 178, 179, 180, 181, 182, 183, 184, 185, 186, 187, 188, 189, 190, 193, 194, 195, 196, 197, 198, 199, 200, 203, 204, 205, 206, 207, 208, 209, 210, 211, 212, 213, 225, 226, 227, 228, 229, 230, 231, 232, 233, 234, 235, 239, 240, 241, 242, 243, 244, 245, 246, 247, 248, 251, 252, 253, 254, 255, 256, 257, 260, 264, 265, 266, 267, 268, 269, 272, 273, 274, 275, 276, 277, 278, 279, 280, 281, 282, 288, 289, 290, 293, 294, 295, 296, 299, 300, 301, 303, 304, 305, 306, 307, 308, 309, 310, 311, 312, 313, 314, 315, 316, 317, 318, 319, 320, 321, 322, 323, 327, 328, 329, 330, 331, 332, 333, 334, 335, 336, 337, 338, 339, 343, 346, 347, 348, 349, 350, 351, 352, 353, 356, 357, 358, 359, 360, 361, 362, 363, 364, 365, 366, 367, 368, 369, 370, 371, 372, 373, 379, 384, 385, 386, 387, 388, 389, 390, 391, 392, 393, 394, 395, 396, 397, 398, 399, 400, 401, 402, 403, 404, 405, 406, 407, 408, 409, 410, 411, 412, 413, 414, 415, 416, 417, 418, 419, 420, 421, 426, 427, 428, 429, 430, 431, 432, 433, 434, 435, 436, 437, 438, 439, 444, 445, 446, 447, 448, 449, 450, 451, 452, 453, 457, 458, 459, 460, 461, 462, 463, 464, 465, 466, 467, 468], "excluded_lines": [], "executed_branches": [], "missing_branches": [[31, 32], [31, 39], [33, 34], [33, 36], [44, 45], [44, 46], [114, 115], [114, 120], [124, 125], [124, 130], [138, 139], [138, 141], [184, 185], [184, 190], [194, 195], [194, 198], [196, 197], [196, 198], [225, 226], [225, 227], [252, 253], [252, 254], [254, -250], [254, 255], [256, -250], [256, 257], [265, 266], [265, 267], [268, -259], [268, 269], [274, -271], [274, 275], [281, -271], [281, 282], [294, 295], [294, 296], [308, 309], [308, 312], [315, 316], [315, 319], [328, 329], [328, 330], [330, 331], [330, 332], [334, 335], [334, 336], [372, 373], [372, 379], [420, 421], [420, 426], [436, 437], [436, 444]]}, "": {"executed_lines": [1, 5, 6, 7, 8], "
[...]
_lines": [11], "excluded_lines": [], "executed_branches": [], "missing_branches": []}, "Users.find_by_userid": {"executed_lines": [], "summary": {"covered_lines": 0, "num_statements": 16, "percent_covered": 0.0, "percent_covered_display": "0", "missing_lines": 16, "excluded_lines": 0, "num_branches": 4, "num_partial_branches": 0, "covered_branches": 0, "missing_branches": 4}, "missing_lines": [19, 20, 25, 27, 28, 29, 30, 32, 34, 35, 40, 42, 46, 48, 49, 54], "excluded_lines": [], "executed_branches": [], "missing_branches": [[28, 29], [28, 32], [34, 35], [34, 42]]}, "Users.find_by_username": {"executed_lines": [], "summary": {"covered_lines": 0, "num_statements": 16, "percent_covered": 0.0, "percent_covered_display": "0", "missing_lines": 16, "excluded_lines": 0, "num_branches": 4, "num_partial_branches": 0, "covered_branches": 0, "missing_branches": 4}, "missing_lines": [59, 60, 65, 67, 68, 69, 70, 72, 74, 75, 80, 82, 86, 88, 89, 94], "excluded_lines": [], "executed_branches": [], "missing_branches": [[68, 69], [68, 72], [74, 75], [74, 82]]}, "": {"executed_lines": [1, 2, 3, 4, 7, 10, 13, 14, 16, 17, 56, 57], "summary": {"covered_lines": 11, "num_statements": 11, "percent_covered": 100.0, "percent_covered_display": "100", "missing_lines": 0, "excluded_lines": 0, "num_branches": 0, "num_partial_branches": 0, "covered_branches": 0, "missing_branches": 0}, "missing_lines": [], "excluded_lines": [], "executed_branches": [], "missing_branches": []}}, "classes": {"Users": {"executed_lines": [], "summary": {"covered_lines": 0, "num_statements": 32, "percent_covered": 0.0, "percent_covered_display": "0", "missing_lines": 32, "excluded_lines": 0, "num_branches": 8, "num_partial_branches": 0, "covered_branches": 0, "missing_branches": 8}, "missing_lines": [19, 20, 25, 27, 28, 29, 30, 32, 34, 35, 40, 42, 46, 48, 49, 54, 59, 60, 65, 67, 68, 69, 70, 72, 74, 75, 80, 82, 86, 88, 89, 94], "excluded_lines": [], "executed_branches": [], "missing_branches": [[28, 29], [28, 32], [34, 35], [34, 42], [68, 69], [68, 72], [74, 75], [74, 82]]}, "": {"executed_lines": [1, 2, 3, 4, 7, 10, 13, 14, 16, 17, 56, 57], "summary": {"covered_lines": 11, "num_statements": 12, "percent_covered": 91.66666666666667, "percent_covered_display": "92", "missing_lines": 1, "excluded_lines": 0, "num_branches": 0, "num_partial_branches": 0, "covered_branches": 0, "missing_branches": 0}, "missing_lines": [11], "excluded_lines": [], "executed_branches": [], "missing_branches": []}}}, "woniunote\\route_monitor.py": {"executed_lines": [1, 5], "summary": {"covered_lines": 1, "num_statements": 93, "percent_covered": 0.8264462809917356, "percent_covered_display": "1", "missing_lines": 92, "excluded_lines": 0, "num_branches": 28, "num_partial_branches": 0, "covered_branches": 0, "missing_branches": 28}, "missing_lines": [6, 7, 8, 9, 10, 11, 14, 22, 24, 26, 27, 29, 30, 31, 32, 33, 34, 35, 38, 39, 41, 42, 43, 46, 48, 49, 50, 51, 52, 54, 55, 56, 57, 60, 61, 62, 63, 64, 66, 69, 70, 71, 72, 74, 75, 76, 77, 79, 81, 84, 86, 87, 90, 93, 96, 98, 99, 100, 101, 102, 103, 104, 105, 106, 109, 110, 111, 112, 113, 114, 115, 117, 118, 119, 121, 122, 123, 126, 127, 128, 129, 131, 132, 134, 135, 136, 137, 138, 140, 143, 145, 146], "excluded_lines": [], "executed_branches": [], "missing_branches": [[26, 27], [26, 86], [38, 39], [38, 74], [41, 42], [41, 43], [43, 46], [43, 64], [46, 48], [46, 52], [52, 54], [52, 60], [64, 66], [64, 69], [102, 103], [102, 127], [104, 105], [104, 106], [106, 109], [106, 122], [112, 113], [112, 114], [114, 115], [114, 117], [122, 123], [122, 126], [129, 131], [129, 135]], "functions": {"wrap_route_functions": {"executed_lines": [], "summary": {"covered_lines": 0, "num_statements": 7, "percent_covered": 0.0, "percent_covered_display": "0", "missing_lines": 7, "excluded_lines": 0, "num_branches": 2, "num_partial_branches": 0, "covered_branches": 0, "missing_branches": 2}, "missing_lines": [26, 27, 29, 30, 84, 86, 87], "excluded_lines": [], "executed_branches": [], "missing_branches": [[26, 27], [26, 86]]}, "wrap_route_functions.create_wrapped_view": {"executed_lines": [], "summary": {"covered_lines": 0, "num_statements": 2, "percent_covered": 0.0, "percent_covered_display": "0", "missing_lines": 2, "excluded_lines": 0, "num_branches": 0, "num_partial_branches": 0, "covered_branches": 0, "missing_branches": 0}, "missing_lines": [31, 81], "excluded_lines": [], "executed_branches": [], "missing_branches": []}, "wrap_route_functions.create_wrapped_view.wrapped_view": {"executed_lines": [], "summary": {"covered_lines": 0, "num_statements": 34, "percent_covered": 0.0, "percent_covered_display": "0", "missing_lines": 34, "excluded_lines": 0, "num_branches": 12, "num_partial_branches": 0, "covered_branches": 0, "missing_branches": 12}, "missing_lines": [32, 33, 34, 35, 38, 39, 41, 42, 43, 46, 48, 49, 50, 51, 52, 54, 55, 56, 57, 60, 61, 62, 63, 64, 66, 69, 70, 71, 72, 74, 75, 76, 77, 79], "excluded_lines": [], "executed_branches": [], "missing_branches": [[38, 39], [38, 74], [41, 42], [41, 43], [43, 46], [43, 64], [46, 48], [46, 52], [52, 54], [52, 60], [64, 66], [64, 69]]}, "enable_route_monitoring": {"executed_lines": [], "summary": {"covered_lines": 0, "num_statements": 7, "percent_covered": 0.0, "percent_covered_display": "0", "missing_lines": 7, "excluded_lines": 0, "num_branches": 0, "num_partial_branches": 0, "covered_branches": 0, "missing_branches": 0}, "missing_lines": [93, 96, 98, 99, 143, 145, 146], "excluded_lines": [], "executed_branches": [], "missing_branches": []}, "enable_route_monitoring.wrapped_make_response": {"executed_lines": [], "summary": {"covered_lines": 0, "num_statements": 32, "percent_covered": 0.0, "percent_covered_display": "0", "missing_lines": 32, "excluded_lines": 0, "num_branches": 14, "num_partial_branches": 0, "covered_branches": 0, "missing_branches": 14}, "missing_lines": [100, 101, 102, 103, 104, 105, 106, 109, 110, 111, 112, 113, 114, 115, 117, 118, 119, 121, 122, 123, 126, 127, 128, 129, 131, 132, 134, 135, 136, 137, 138, 140], "excluded_lines": [], "executed_branches": [], "missing_branches": [[102, 103], [102, 127], [104, 105], [104, 106], [106, 109], [106, 122], [112, 113], [112, 114], [114, 115], [114, 117], [122, 123], [122, 126], [129, 131], [129, 135]]}, "": {"executed_lines": [1, 5], "summary": {"covered_lines": 1, "num_statements": 11, "percent_covered": 9.090909090909092, "percent_covered_display": "9", "missing_lines": 10, "excluded_lines": 0, "num_branches": 0, "num_partial_branches": 0, "covered_branches": 0, "missing_branches": 0}, "missing_lines": [6, 7, 8, 9, 10, 11, 14, 22, 24, 90], "excluded_lines": [], "executed_branches": [], "missing_branches": []}}, "classes": {"": {"executed_lines": [1, 5], "summary": {"covered_lines": 1, "num_statements": 93, "percent_covered": 0.8264462809917356, "percent_covered_display": "1", "missing_lines": 92, "excluded_lines": 0, "num_branches": 28, "num_partial_branches": 0, "covered_branches": 0, "missing_branches": 28}, "missing_lines": [6, 7, 8, 9, 10, 11, 14, 22, 24, 26, 27, 29, 30, 31, 32, 33, 34, 35, 38, 39, 41, 42, 43, 46, 48, 49, 50, 51, 52, 54, 55, 56, 57, 60, 61, 62, 63, 64, 66, 69, 70, 71, 72, 74, 75, 76, 77, 79, 81, 84, 86, 87, 90, 93, 96, 98, 99, 100, 101, 102, 103, 104, 105, 106, 109, 110, 111, 112, 113, 114, 115, 117, 118, 119, 121, 122, 123, 126, 127, 128, 129, 131, 132, 134, 135, 136, 137, 138, 140, 143, 145, 146], "excluded_lines": [], "executed_branches": [], "missing_branches": [[26, 27], [26, 86], [38, 39], [38, 74], [41, 42], [41, 43], [43, 46], [43, 64], [46, 48], [46, 52], [52, 54], [52, 60], [64, 66], [64, 69], [102, 103], [102, 127], [104, 105], [104, 106], [106, 109], [106, 122], [112, 113], [112, 114], [114, 115], [114, 117], [122, 123], [122, 126], [129, 131], [129, 135]]}}}, "woniunote\\scripts\\add_indexes.py": {"executed_lines": [1], "summary": {"covered_lines": 1, "num_statements": 19, "percent_covered": 4.3478260869565215, "percent_covered_display": "4", "missing_lines": 18, "excluded_lines": 0, "num_branches": 4, "num_partial_branches": 0, "covered_branches": 0, "missing_branches": 4}, "missing_lines": [2, 3, 4, 6, 7, 8, 9, 10, 11, 13, 14, 15, 16, 17, 30, 31, 33, 34], "excluded_lines": [], "executed_branches": [], "missing_branches": [[30, -13], [30, 31], [33, -1], [33, 34]], "functions": {"create_app": {"executed_lines": [], "summary": {"covered_lines": 0, "num_statements": 5, "percent_covered": 0.0, "percent_covered_display": "0", "missing_lines": 5, "excluded_lines": 0, "num_branches": 0, "num_partial_branches": 0, "covered_branches": 0, "missing_branches": 0}, "missing_lines": [7, 8, 9, 10, 11], "excluded_lines": [], "executed_branches": [], "missing_branches": []}, "create_indexes": {"executed_lines": [], "summary": {"covered_lines": 0, "num_statements": 6, "percent_covered": 0.0, "percent_covered_display": "0", "missing_lines": 6, "excluded_lines": 0, "num_branches": 2, "num_partial_branches": 0, "covered_branches": 0, "missing_branches": 2}, "missing_lines": [14, 15, 16, 17, 30, 31], "excluded_lines": [], "executed_branches": [], "missing_branches": [[30, -13], [30, 31]]}, "": {"executed_lines": [1], "summary": {"covered_lines": 1, "num_statements": 8, "percent_covered": 10.0, "percent_covered_display": "10", "missing_lines": 7, "excluded_lines": 0, "num_branches": 2, "num_partial_branches": 0, "covered_branches": 0, "missing_branches": 2}, "missing_lines": [2, 3, 4, 6, 13, 33, 34], "excluded_lines": [], "executed_branches": [], "missing_branches": [[33, -1], [33, 34]]}}, "classes": {"": {"executed_lines": [1], "summary": {"covered_lines": 1, "num_statements": 19, "percent_covered": 4.3478260869565215, "percent_covered_display": "4", "missing_lines": 18, "excluded_lines": 0, "num_branches": 4, "num_partial_branches": 0, "covered_branches": 0, "missing_branches": 4}, "missing_lines": [2, 3, 4, 6, 7, 8, 9, 10, 11, 13, 14, 15, 16, 17, 30, 31, 33, 34], "excluded_lines": [], "executed_branches": [], "missing_branches": [[30, -13], [30, 31], [33, -1], [33, 34]]}}}, "woniunote\\services\\article_service.py": {"executed_lines": [1, 5, 6, 7, 8, 9, 10], "summary": {"covered_lines": 6, "num_statements": 123, "percent_covered": 4.316546762589928, "percent_covered_display": "4", "missing_lines": 117, "excluded_lines": 0, "num_branches": 16, "num_partial_branches": 0, "covered_branches": 0, "missing_branches": 16}, "missing_lines": [11, 12, 13, 16, 19, 21, 24, 25, 27, 28, 41, 42, 45, 52, 53, 56, 59, 60, 61, 86, 88, 89, 91, 93, 94, 95, 97, 98, 103, 104, 107, 117, 118, 119, 122, 123, 126, 127, 130, 131, 133, 139, 140, 142, 144, 145, 146, 148, 150, 151, 152, 171, 172, 174, 176, 177, 178, 191, 192, 194, 205, 206, 208, 215, 216, 218, 220, 246, 248, 249, 251, 269, 271, 272, 273, 275, 276, 287, 288, 301, 303, 304, 305, 307, 318, 319, 335, 337, 338, 339, 341, 351, 352, 355, 360, 361, 362, 363, 365, 366, 368, 369, 370, 371, 374, 377, 378, 380, 381, 383, 384, 386, 387, 389, 390, 392, 393], "excluded_lines": [], "executed_branches": [], "missing_branches": [[52, 53], [52, 56], [60, 61], [60, 88], [151, 152], [151, 172], [177, 178], [177, 192], [206, 208], [206, 246], [215, 216], [215, 218], [248, 249], [248, 251], [360, 361], [360, 365]], "functions": {"ArticleService.__init__": {"executed_lines": [], "summary": {"covered_lines": 0, "num_statements": 1, "percent_covered": 0.0, "percent_covered_display": "0", "missing_lines": 1, "excluded_lines": 0, "num_branches": 0, "num_partial_branches": 0, "covered_branches": 0, "missing_branches": 0}, "missing_lines": [25], "excluded_lines": [], "executed_branches": [], "missing_branches": []}, "ArticleService.get_articles_with_users": {"executed_lines": [], "summary": {"covered_lines": 0, "num_statements": 16, "percent_covered": 0.0, "percent_covered_display": "0", "missing_lines": 16, "excluded_lines": 0, "num_branches": 4, "num_partial_branches": 0, "covered_branches": 0, "missing_branches": 4}, "missing_lines": [41, 42, 45, 52, 53, 56, 59, 60, 61, 86, 88, 89, 91, 93, 94, 95], "excluded_lines": [], "executed_branches": [], "missing_branches": [[52, 53], [52, 56], [60, 61], [60, 88]]}, "ArticleService.get_homepage_articles": {"executed_lines": [], "summary": {"covered_lines": 0, "num_statements": 19, "percent_covered": 0.0, "percent_covered_display": "0", "missing_lines": 19, "excluded_lines": 0, "num_branches": 0, "num_partial_branches": 0, "covered_branches": 0, "missing_branches": 0}, "missing_lines": [103, 104, 107, 117, 118, 119, 122, 123, 126, 127, 130, 131, 133, 139, 140, 142, 144, 145, 146], "excluded_lines": [], "executed_branches": [], "missing_branches": []}, "ArticleService._format_articles_with_users": {"executed_lines": [], "summary": {"covered_lines": 0, "num_statements": 5, "percent_covered": 0.0, "percent_covered_display": "0", "missing_lines": 5, "excluded_lines": 0, "num_branches": 2, "num_partial_branches": 0, "covered_branches": 0, "missing_branches": 2}, "missing_lines": [150, 151, 152, 171, 172], "excluded_lines": [], "executed_branches": [], "missing_branches": [[151, 152], [151, 172]]}, "ArticleService._format_articles": {"executed_lines": [], "summary": {"covered_lines": 0, "num_statements": 5, "percent_covered": 0.0, "percent_covered_display": "0", "missing_lines": 5, "excluded_lines": 0, "num_branches": 2, "num_partial_branches": 0, "covered_branches": 0, "missing_branches": 2}, "missing_lines": [176, 177, 178, 191, 192], "excluded_lines": [], "executed_branches": [], "missing_branches": [[177, 178], [177, 192]]}, "ArticleService.get_article_by_id": {"executed_lines": [], "summary": {"covered_lines": 0, "num_statements": 15, "percent_covered": 0.0, "percent_covered_display": "0", "missing_lines": 15, "excluded_lines": 0, "num_branches": 6, "num_partial_branches": 0, "covered_branches": 0, "missing_branches": 6}, "missing_lines": [205, 206, 208, 215, 216, 218, 220, 246, 248, 249, 251, 269, 271, 272, 273], "excluded_lines": [], "executed_branches": [], "missing_branches": [[206, 208], [206, 246], [215, 216], [215, 218], [248, 249], [248, 251]]}, "ArticleService.get_articles_by_type": {"executed_lines": [], "summary": {"covered_lines": 0, "num_statements": 6, "percent_covered": 0.0, "percent_covered_display": "0", "missing_lines": 6, "excluded_lines": 0, "num_branches": 0, "num_partial_branches": 0, "covered_branches": 0, "missing_branches": 0}, "missing_lines": [287, 288, 301, 303, 304, 305], "excluded_lines": [], "executed_branches": [], "missing_branches": []}, "ArticleService.search_articles": {"executed_lines": [], "summary": {"covered_lines": 0, "num_statements": 6, "percent_covered": 0.0, "percent_covered_display": "0", "missing_lines": 6, "excluded_lines": 0, "num_branches": 0, "num_partial_branches": 0, "covered_branches": 0, "missing_branches": 0}, "missing_lines": [318, 319, 335, 337, 338, 339], "excluded_lines": [], "executed_branches": [], "missing_branches": []}, "ArticleService.increment_read_count": {"executed_lines": [], "summary": {"covered_lines": 0, "num_statements": 13, "percent_covered": 0.0, "percent_covered_display": "0", "missing_lines": 13, "excluded_lines": 0, "num_branches": 2, "num_partial_branches": 0, "covered_branches": 0, "missing_branches": 2}, "missing_lines": [351, 352, 355, 360, 361, 362, 363, 365, 366, 368, 369, 370, 371], "excluded_lines": [], "executed_branches": [], "missing_branches": [[360, 361], [360, 365]]}, "get_articles_with_users": {"executed_lines": [], "summary": {"covered_lines": 0, "num_statements": 1, "percent_covered": 0.0, "percent_covered_display": "0", "missing_lines": 1, "excluded_lines": 0, "num_branches": 0, "num_partial_branches": 0, "covered_branches": 0, "missing_branches": 0}, "missing_lines": [378], "excluded_lines": [], "executed_branches": [], "missing_branches": []}, "get_homepage_articles": {"executed_lines": [], "summary": {"covered_lines": 0, "num_statements": 1, "percent_covered": 0.0, "percent_covered_display": "0", "missing_lines": 1, "excluded_lines": 0, "num_branches": 0, "num_partial_branches": 0, "covered_branches": 0, "missing_branches": 0}, "missing_lines": [381], "excluded_lines": [], "executed_branches": [], "missing_branches": []}, "get_article_by_id": {"executed_lines": [], "summary": {"covered_lines": 0, "num_statements": 1, "percent_covered": 0.0, "percent_covered_display": "0", "missing_lines": 1, "excluded_lines": 0, "num_branches": 0, "num_partial_branches": 0, "covered_branches": 0, "missing_branches": 0}, "missing_lines": [384], "excluded_lines": [], "executed_branches": [], "missing_branches": []}, "get_articles_by_type": {"executed_lines": [], "summary": {"covered_lines": 0, "num_statements": 1, "percent_covered": 0.0, "percent_covered_display": "0", "missing_lines": 1, "excluded_lines": 0, "num_branches": 0, "num_partial_branches": 0, "covered_branches": 0, "missing_branches": 0}, "missing_lines": [387], "excluded_lines": [], "executed_branches": [], "missing_branches": []}, "search_articles": {"executed_lines": [], "summary": {"covered_lines": 0, "num_statements": 1, "percent_covered": 0.0, "percent_covered_display": "0", "missing_lines": 1, "excluded_lines": 0, "num_branches": 0, "num_partial_branches": 0, "covered_branches": 0, "missing_branches": 0}, "missing_lines": [390], "excluded_lines": [], "executed_branches": [], "missing_branches": []}, "increment_read_count": {"executed_lines": [], "summary": {"covered_lines": 0, "num_statements": 1, "percent_covered": 0.0, "percent_covered_display": "0", "missing_lines": 1, "excluded_lines": 0, "num_branches": 0, "num_partial_branches": 0, "covered_branches": 0, "missing_branches": 0}, "missing_lines": [393], "excluded_lines": [], "executed_branches": [], "missing_branches": []}, "": {"executed_lines": [1, 5, 6, 7, 8, 9, 10], "summary": {"covered_lines": 6, "num_statements": 31, "percent_covered": 19.35483870967742, "percent_covered_display": "19", "missing_lines": 25, "excluded_lines": 0, "num_branches": 0, "num_partial_branches": 0, "covered_branches": 0, "missing_branches": 0}, "missing_lines": [11, 12, 13, 16, 19, 21, 24, 27, 28, 97, 98, 148, 174, 194, 275, 276, 307, 341, 374, 377, 380, 383, 386, 389, 392], "excluded_lines": [], "executed_branches": [], "missing_branches": []}}, "classes": {"ArticleService": {"executed_lines": [], "summary": {"covered_lines": 0, "num_statements": 86, "percent_covered": 0.0, "percent_covered_display": "0", "missing_lines": 86, "excluded_lines": 0, "num_branches": 16, "num_partial_branches": 0, "covered_branches": 0, "missing_branches": 16}, "missing_lines": [25, 41, 42, 45, 52, 53, 56, 59, 60, 61, 86, 88, 89, 91, 93, 94, 95, 103, 104, 107, 117, 118, 119, 122, 123, 126, 127, 130, 131, 133, 139, 140, 142, 144, 145, 146, 150, 151, 152, 171, 172, 176, 177, 178, 191, 192, 205, 206, 208, 215, 216, 218, 220, 246, 248, 249, 251, 269, 271, 272, 273, 287, 288, 301, 303, 304, 305, 318, 319, 335, 337, 338, 339, 351, 352, 355, 360, 361, 362, 363, 365, 366, 368, 369, 370, 371], "excluded_lines": [], "executed_branches": [], "missing_branches": [[52, 53], [52, 56], [60, 61], [60, 88], [151, 152], [151, 172], [177, 178], [177, 192], [206, 208], [206, 246], [215, 216], [215, 218], [248, 249], [248, 251], [360, 361], [360, 365]]}, "": {"executed_lines": [1, 5, 6, 7, 8, 9, 10], "summary": {"covered_lines": 6, "num_statements": 37, "percent_covered": 16.216216216216218, "percent_covered_display": "16", "missing_lines": 31, "excluded_lines": 0, "num_branches": 0, "num_partial_branches": 0, "covered_branches": 0, "missing_branches": 0}, "missing_lines": [11, 12, 13, 16, 19, 21, 24, 27, 28, 97, 98, 148, 174, 194, 275, 276, 307, 341, 374, 377, 378, 380, 381, 383, 384, 386, 387, 389, 390, 392, 393], "excluded_lines": [], "executed_branches": [], "missing_branches": []}}}}, "totals": {"covered_lines": 1713, "num_statements": 13302, "percent_covered": 10.74743527112848, "percent_covered_display": "11", "missing_lines": 11589, "excluded_lines": 0, "num_branches": 3074, "num_partial_branches": 37, "covered_branches": 47, "missing_branches": 3027}}